Run 1
-----------------------------------------------

FIFO Run

-----------------------------------------------

[9]
[9, 1]
[9, 1, 0]
[9, 1, 0]
[9, 1, 0, 8]
[1, 0, 8, 5]
Page moved in: 5
Page evicted: 9
[0, 8, 5, 4]
Page moved in: 4
Page evicted: 1
[8, 5, 4, 3]
Page moved in: 3
Page evicted: 0
[5, 4, 3, 2]
Page moved in: 2
Page evicted: 8
[5, 4, 3, 2]
[5, 4, 3, 2]
[5, 4, 3, 2]
[4, 3, 2, 8]
Page moved in: 8
Page evicted: 5
[4, 3, 2, 8]
[3, 2, 8, 9]
Page moved in: 9
Page evicted: 4
[3, 2, 8, 9]
[3, 2, 8, 9]
[2, 8, 9, 0]
Page moved in: 0
Page evicted: 3
[2, 8, 9, 0]
[2, 8, 9, 0]
[2, 8, 9, 0]
[2, 8, 9, 0]
[2, 8, 9, 0]
[2, 8, 9, 0]
[2, 8, 9, 0]
[8, 9, 0, 7]
Page moved in: 7
Page evicted: 2
[8, 9, 0, 7]
[8, 9, 0, 7]
[8, 9, 0, 7]
[9, 0, 7, 6]
Page moved in: 6
Page evicted: 8
[9, 0, 7, 6]
[0, 7, 6, 4]
Page moved in: 4
Page evicted: 9
[7, 6, 4, 5]
Page moved in: 5
Page evicted: 0
[6, 4, 5, 3]
Page moved in: 3
Page evicted: 7
[4, 5, 3, 2]
Page moved in: 2
Page evicted: 6
[4, 5, 3, 2]
[5, 3, 2, 1]
Page moved in: 1
Page evicted: 4
[5, 3, 2, 1]
[5, 3, 2, 1]
[3, 2, 1, 0]
Page moved in: 0
Page evicted: 5
[2, 1, 0, 8]
Page moved in: 8
Page evicted: 3
[2, 1, 0, 8]
[1, 0, 8, 3]
Page moved in: 3
Page evicted: 2
[1, 0, 8, 3]
[1, 0, 8, 3]
[0, 8, 3, 9]
Page moved in: 9
Page evicted: 1
[8, 3, 9, 7]
Page moved in: 7
Page evicted: 0
[3, 9, 7, 5]
Page moved in: 5
Page evicted: 8
[3, 9, 7, 5]
[3, 9, 7, 5]
[9, 7, 5, 2]
Page moved in: 2
Page evicted: 3
[7, 5, 2, 1]
Page moved in: 1
Page evicted: 9
[7, 5, 2, 1]
[5, 2, 1, 0]
Page moved in: 0
Page evicted: 7
[5, 2, 1, 0]
[5, 2, 1, 0]
[5, 2, 1, 0]
[5, 2, 1, 0]
[2, 1, 0, 4]
Page moved in: 4
Page evicted: 5
[1, 0, 4, 3]
Page moved in: 3
Page evicted: 2
[0, 4, 3, 5]
Page moved in: 5
Page evicted: 1
[0, 4, 3, 5]
[0, 4, 3, 5]
[0, 4, 3, 5]
[4, 3, 5, 8]
Page moved in: 8
Page evicted: 0
[3, 5, 8, 2]
Page moved in: 2
Page evicted: 4
[3, 5, 8, 2]
[5, 8, 2, 6]
Page moved in: 6
Page evicted: 3
[5, 8, 2, 6]
[5, 8, 2, 6]
[8, 2, 6, 9]
Page moved in: 9
Page evicted: 5
[2, 6, 9, 0]
Page moved in: 0
Page evicted: 8
[2, 6, 9, 0]
[2, 6, 9, 0]
[6, 9, 0, 8]
Page moved in: 8
Page evicted: 2
[6, 9, 0, 8]
[9, 0, 8, 7]
Page moved in: 7
Page evicted: 6
[0, 8, 7, 1]
Page moved in: 1
Page evicted: 9
[0, 8, 7, 1]
[8, 7, 1, 2]
Page moved in: 2
Page evicted: 0
[7, 1, 2, 3]
Page moved in: 3
Page evicted: 8
[1, 2, 3, 6]
Page moved in: 6
Page evicted: 7
[1, 2, 3, 6]
[2, 3, 6, 4]
Page moved in: 4
Page evicted: 1
[2, 3, 6, 4]
[3, 6, 4, 0]
Page moved in: 0
Page evicted: 2
[6, 4, 0, 9]
Page moved in: 9
Page evicted: 3
[4, 0, 9, 8]
Page moved in: 8
Page evicted: 6
[4, 0, 9, 8]
[4, 0, 9, 8]
[4, 0, 9, 8]
[4, 0, 9, 8]
[0, 9, 8, 1]
Page moved in: 1
Page evicted: 4
[9, 8, 1, 2]
Page moved in: 2
Page evicted: 0
[8, 1, 2, 3]
Page moved in: 3
Page evicted: 9
[8, 1, 2, 3]
[8, 1, 2, 3]
[8, 1, 2, 3]
[8, 1, 2, 3]
[8, 1, 2, 3]

LRU Run

-----------------------------------------------

[9]
[9, 1]
[9, 1, 0]
[9, 1, 0]
[9, 1, 0, 8]
[0, 9, 8, 5]
Page moved in: 5
Page evicted: 1
[9, 8, 5, 4]
Page moved in: 4
Page evicted: 0
[8, 5, 4, 3]
Page moved in: 3
Page evicted: 9
[5, 4, 3, 2]
Page moved in: 2
Page evicted: 8
[5, 4, 3, 2]
[5, 4, 3, 2]
[5, 4, 3, 2]
[2, 4, 5, 8]
Page moved in: 8
Page evicted: 3
[2, 4, 5, 8]
[4, 5, 8, 9]
Page moved in: 9
Page evicted: 2
[4, 5, 8, 9]
[4, 5, 8, 9]
[5, 8, 9, 0]
Page moved in: 0
Page evicted: 4
[5, 8, 9, 0]
[5, 8, 9, 0]
[5, 8, 9, 0]
[5, 8, 9, 0]
[5, 8, 9, 0]
[5, 8, 9, 0]
[5, 8, 9, 0]
[0, 9, 8, 7]
Page moved in: 7
Page evicted: 5
[0, 9, 8, 7]
[0, 9, 8, 7]
[0, 9, 8, 7]
[9, 8, 7, 6]
Page moved in: 6
Page evicted: 0
[9, 8, 7, 6]
[8, 6, 7, 4]
Page moved in: 4
Page evicted: 9
[6, 7, 4, 5]
Page moved in: 5
Page evicted: 8
[7, 4, 5, 3]
Page moved in: 3
Page evicted: 6
[4, 5, 3, 2]
Page moved in: 2
Page evicted: 7
[4, 5, 3, 2]
[3, 2, 5, 1]
Page moved in: 1
Page evicted: 4
[3, 2, 5, 1]
[3, 2, 5, 1]
[5, 2, 1, 0]
Page moved in: 0
Page evicted: 3
[2, 1, 0, 8]
Page moved in: 8
Page evicted: 5
[2, 1, 0, 8]
[0, 8, 2, 3]
Page moved in: 3
Page evicted: 1
[0, 8, 2, 3]
[0, 8, 2, 3]
[2, 3, 0, 9]
Page moved in: 9
Page evicted: 8
[3, 0, 9, 7]
Page moved in: 7
Page evicted: 2
[0, 9, 7, 5]
Page moved in: 5
Page evicted: 3
[9, 7, 5, 3]
Page moved in: 3
Page evicted: 0
[9, 7, 5, 3]
[7, 5, 3, 2]
Page moved in: 2
Page evicted: 9
[5, 3, 2, 1]
Page moved in: 1
Page evicted: 7
[5, 3, 2, 1]
[3, 1, 2, 0]
Page moved in: 0
Page evicted: 5
[3, 1, 2, 0]
[3, 1, 2, 0]
[3, 1, 2, 0]
[3, 1, 2, 0]
[0, 1, 2, 4]
Page moved in: 4
Page evicted: 3
[1, 2, 4, 3]
Page moved in: 3
Page evicted: 0
[2, 4, 3, 5]
Page moved in: 5
Page evicted: 1
[2, 4, 3, 5]
[2, 4, 3, 5]
[2, 4, 3, 5]
[4, 5, 3, 8]
Page moved in: 8
Page evicted: 2
[5, 3, 8, 2]
Page moved in: 2
Page evicted: 4
[5, 3, 8, 2]
[8, 2, 5, 6]
Page moved in: 6
Page evicted: 3
[8, 2, 5, 6]
[8, 2, 5, 6]
[5, 6, 8, 9]
Page moved in: 9
Page evicted: 2
[6, 8, 9, 0]
Page moved in: 0
Page evicted: 5
[6, 8, 9, 0]
[6, 8, 9, 0]
[6, 8, 9, 0]
[6, 8, 9, 0]
[9, 0, 8, 7]
Page moved in: 7
Page evicted: 6
[0, 8, 7, 1]
Page moved in: 1
Page evicted: 9
[0, 8, 7, 1]
[8, 7, 1, 2]
Page moved in: 2
Page evicted: 0
[7, 1, 2, 3]
Page moved in: 3
Page evicted: 8
[1, 2, 3, 6]
Page moved in: 6
Page evicted: 7
[1, 2, 3, 6]
[2, 3, 6, 4]
Page moved in: 4
Page evicted: 1
[2, 3, 6, 4]
[3, 6, 4, 0]
Page moved in: 0
Page evicted: 2
[6, 4, 0, 9]
Page moved in: 9
Page evicted: 3
[4, 0, 9, 8]
Page moved in: 8
Page evicted: 6
[4, 0, 9, 8]
[4, 0, 9, 8]
[4, 0, 9, 8]
[4, 0, 9, 8]
[8, 9, 0, 1]
Page moved in: 1
Page evicted: 4
[9, 0, 1, 2]
Page moved in: 2
Page evicted: 8
[0, 1, 2, 3]
Page moved in: 3
Page evicted: 9
[0, 1, 2, 3]
[0, 1, 2, 3]
[0, 1, 2, 3]
[0, 1, 2, 3]
[0, 1, 2, 3]

LFU Run

-----------------------------------------------

[9]
[9, 1]
[9, 1, 0]
[9, 1, 0]
[9, 1, 0, 8]
[9, 0, 8, 5]
Page moved in: 5
Page evicted: 1
[9, 8, 5, 4]
Page moved in: 4
Page evicted: 0
[9, 5, 4, 3]
Page moved in: 3
Page evicted: 8
[9, 4, 3, 2]
Page moved in: 2
Page evicted: 5
[9, 4, 3, 2]
[9, 4, 3, 2]
[9, 4, 2, 5]
Page moved in: 5
Page evicted: 3
[9, 4, 5, 8]
Page moved in: 8
Page evicted: 2
[9, 4, 5, 8]
[9, 4, 5, 8]
[9, 4, 5, 8]
[9, 4, 5, 8]
[9, 4, 8, 0]
Page moved in: 0
Page evicted: 5
[9, 4, 8, 0]
[9, 4, 8, 0]
[9, 4, 8, 0]
[9, 4, 8, 0]
[9, 4, 8, 0]
[9, 4, 8, 0]
[9, 4, 8, 0]
[9, 4, 8, 7]
Page moved in: 7
Page evicted: 0
[9, 4, 8, 7]
[9, 4, 8, 7]
[9, 4, 8, 7]
[9, 8, 7, 6]
Page moved in: 6
Page evicted: 4
[9, 8, 7, 6]
[9, 8, 7, 4]
Page moved in: 4
Page evicted: 6
[9, 8, 4, 5]
Page moved in: 5
Page evicted: 7
[9, 8, 4, 3]
Page moved in: 3
Page evicted: 5
[9, 8, 4, 2]
Page moved in: 2
Page evicted: 3
[9, 8, 4, 5]
Page moved in: 5
Page evicted: 2
[9, 8, 5, 1]
Page moved in: 1
Page evicted: 4
[9, 8, 5, 2]
Page moved in: 2
Page evicted: 1
[9, 8, 5, 1]
Page moved in: 1
Page evicted: 2
[9, 8, 5, 0]
Page moved in: 0
Page evicted: 1
[9, 8, 5, 0]
[9, 8, 5, 2]
Page moved in: 2
Page evicted: 0
[9, 8, 2, 3]
Page moved in: 3
Page evicted: 5
[9, 8, 2, 0]
Page moved in: 0
Page evicted: 3
[9, 8, 2, 0]
[9, 8, 2, 0]
[9, 8, 0, 7]
Page moved in: 7
Page evicted: 2
[9, 8, 7, 5]
Page moved in: 5
Page evicted: 0
[9, 8, 5, 3]
Page moved in: 3
Page evicted: 7
[9, 8, 5, 3]
[9, 8, 3, 2]
Page moved in: 2
Page evicted: 5
[9, 8, 2, 1]
Page moved in: 1
Page evicted: 3
[9, 8, 2, 1]
[9, 8, 2, 0]
Page moved in: 0
Page evicted: 1
[9, 8, 0, 1]
Page moved in: 1
Page evicted: 2
[9, 8, 0, 2]
Page moved in: 2
Page evicted: 1
[9, 8, 0, 2]
[9, 8, 0, 2]
[9, 8, 2, 4]
Page moved in: 4
Page evicted: 0
[9, 8, 2, 3]
Page moved in: 3
Page evicted: 4
[9, 8, 2, 5]
Page moved in: 5
Page evicted: 3
[9, 8, 2, 5]
[8, 2, 5, 3]
Page moved in: 3
Page evicted: 9
[8, 2, 5, 3]
[8, 2, 5, 3]
[8, 2, 5, 3]
[8, 2, 5, 3]
[8, 2, 3, 6]
Page moved in: 6
Page evicted: 5
[8, 2, 3, 6]
[8, 2, 3, 6]
[8, 2, 3, 9]
Page moved in: 9
Page evicted: 6
[8, 2, 9, 0]
Page moved in: 0
Page evicted: 3
[8, 2, 9, 0]
[8, 2, 9, 0]
[8, 2, 9, 0]
[8, 2, 9, 0]
[8, 2, 0, 7]
Page moved in: 7
Page evicted: 9
[8, 2, 0, 1]
Page moved in: 1
Page evicted: 7
[8, 2, 0, 1]
[8, 2, 0, 1]
[8, 2, 0, 3]
Page moved in: 3
Page evicted: 1
[8, 2, 3, 6]
Page moved in: 6
Page evicted: 0
[8, 2, 3, 6]
[8, 2, 3, 4]
Page moved in: 4
Page evicted: 6
[8, 2, 3, 4]
[8, 2, 3, 0]
Page moved in: 0
Page evicted: 4
[8, 2, 0, 9]
Page moved in: 9
Page evicted: 3
[8, 2, 0, 9]
[8, 2, 0, 9]
[8, 2, 0, 9]
[8, 2, 0, 9]
[8, 2, 0, 9]
[8, 0, 9, 1]
Page moved in: 1
Page evicted: 2
[8, 0, 9, 2]
Page moved in: 2
Page evicted: 1
[8, 9, 2, 3]
Page moved in: 3
Page evicted: 0
[8, 9, 2, 3]
[8, 9, 2, 3]
[8, 9, 2, 3]
[8, 9, 2, 3]
[8, 9, 2, 3]

MFU Run

-----------------------------------------------

[9]
[9, 1]
[9, 1, 0]
[9, 1, 0]
[9, 1, 0, 8]
[1, 0, 8, 5]
Page moved in: 5
Page evicted: 9
[0, 8, 5, 4]
Page moved in: 4
Page evicted: 1
[8, 5, 4, 3]
Page moved in: 3
Page evicted: 0
[5, 4, 3, 2]
Page moved in: 2
Page evicted: 8
[5, 4, 3, 2]
[5, 4, 3, 2]
[5, 4, 3, 2]
[5, 3, 2, 8]
Page moved in: 8
Page evicted: 4
[5, 3, 2, 8]
[5, 3, 2, 9]
Page moved in: 9
Page evicted: 8
[5, 3, 2, 8]
Page moved in: 8
Page evicted: 9
[5, 3, 2, 9]
Page moved in: 9
Page evicted: 8
[5, 3, 2, 0]
Page moved in: 0
Page evicted: 9
[3, 2, 0, 9]
Page moved in: 9
Page evicted: 5
[3, 2, 0, 8]
Page moved in: 8
Page evicted: 9
[3, 2, 0, 8]
[3, 2, 0, 8]
[3, 2, 0, 9]
Page moved in: 9
Page evicted: 8
[3, 2, 0, 8]
Page moved in: 8
Page evicted: 9
[3, 2, 0, 8]
[3, 2, 0, 7]
Page moved in: 7
Page evicted: 8
[3, 2, 7, 8]
Page moved in: 8
Page evicted: 0
[3, 2, 7, 8]
[3, 2, 7, 8]
[3, 2, 7, 6]
Page moved in: 6
Page evicted: 8
[3, 2, 7, 6]
[3, 2, 6, 4]
Page moved in: 4
Page evicted: 7
[3, 2, 6, 5]
Page moved in: 5
Page evicted: 4
[3, 2, 6, 5]
[3, 2, 6, 5]
[3, 2, 6, 5]
[3, 2, 6, 1]
Page moved in: 1
Page evicted: 5
[3, 2, 6, 1]
[3, 2, 6, 1]
[3, 6, 1, 0]
Page moved in: 0
Page evicted: 2
[3, 6, 0, 8]
Page moved in: 8
Page evicted: 1
[3, 6, 0, 2]
Page moved in: 2
Page evicted: 8
[3, 6, 0, 2]
[3, 6, 0, 2]
[3, 6, 0, 2]
[3, 6, 2, 9]
Page moved in: 9
Page evicted: 0
[3, 6, 2, 7]
Page moved in: 7
Page evicted: 9
[3, 6, 2, 5]
Page moved in: 5
Page evicted: 7
[3, 6, 2, 5]
[3, 6, 2, 5]
[3, 6, 2, 5]
[6, 2, 5, 1]
Page moved in: 1
Page evicted: 3
[6, 2, 5, 1]
[6, 5, 1, 0]
Page moved in: 0
Page evicted: 2
[6, 5, 1, 0]
[6, 5, 1, 2]
Page moved in: 2
Page evicted: 0
[6, 5, 1, 2]
[6, 5, 1, 2]
[6, 5, 1, 4]
Page moved in: 4
Page evicted: 2
[6, 1, 4, 3]
Page moved in: 3
Page evicted: 5
[6, 1, 4, 5]
Page moved in: 5
Page evicted: 3
[6, 1, 4, 5]
[6, 1, 4, 3]
Page moved in: 3
Page evicted: 5
[6, 1, 4, 3]
[6, 1, 4, 8]
Page moved in: 8
Page evicted: 3
[6, 1, 4, 2]
Page moved in: 2
Page evicted: 8
[6, 1, 4, 5]
Page moved in: 5
Page evicted: 2
[6, 1, 4, 5]
[6, 1, 4, 5]
[6, 1, 4, 8]
Page moved in: 8
Page evicted: 5
[6, 1, 4, 9]
Page moved in: 9
Page evicted: 8
[6, 1, 4, 0]
Page moved in: 0
Page evicted: 9
[6, 1, 4, 0]
[6, 1, 4, 0]
[6, 1, 4, 8]
Page moved in: 8
Page evicted: 0
[6, 1, 4, 8]
[6, 1, 4, 7]
Page moved in: 7
Page evicted: 8
[6, 1, 4, 7]
[6, 1, 4, 7]
[6, 4, 7, 2]
Page moved in: 2
Page evicted: 1
[6, 4, 7, 3]
Page moved in: 3
Page evicted: 2
[6, 4, 7, 3]
[6, 4, 7, 3]
[6, 4, 7, 3]
[6, 4, 7, 3]
[6, 4, 7, 0]
Page moved in: 0
Page evicted: 3
[6, 4, 7, 9]
Page moved in: 9
Page evicted: 0
[6, 4, 7, 8]
Page moved in: 8
Page evicted: 9
[6, 4, 7, 9]
Page moved in: 9
Page evicted: 8
[6, 4, 7, 9]
[6, 4, 7, 9]
[6, 4, 7, 0]
Page moved in: 0
Page evicted: 9
[6, 4, 7, 1]
Page moved in: 1
Page evicted: 0
[6, 4, 7, 2]
Page moved in: 2
Page evicted: 1
[6, 4, 7, 3]
Page moved in: 3
Page evicted: 2
[6, 4, 7, 3]
[6, 4, 7, 3]
[6, 4, 7, 2]
Page moved in: 2
Page evicted: 3
[6, 4, 7, 3]
Page moved in: 3
Page evicted: 2
[6, 4, 7, 3]

Random Run

-----------------------------------------------

[9]
[9, 1]
[9, 1, 0]
[9, 1, 0]
[9, 1, 0, 8]
[1, 0, 8, 5]
Page moved in: 5
Page evicted: 9
[0, 8, 5, 4]
Page moved in: 4
Page evicted: 1
[0, 8, 5, 3]
Page moved in: 3
Page evicted: 4
[8, 5, 3, 2]
Page moved in: 2
Page evicted: 0
[8, 5, 3, 4]
Page moved in: 4
Page evicted: 2
[8, 5, 3, 4]
[8, 5, 3, 4]
[8, 5, 3, 4]
[8, 5, 3, 4]
[8, 5, 4, 9]
Page moved in: 9
Page evicted: 3
[8, 5, 4, 9]
[8, 5, 4, 9]
[8, 4, 9, 0]
Page moved in: 0
Page evicted: 5
[8, 4, 9, 0]
[8, 4, 9, 0]
[8, 4, 9, 0]
[8, 4, 9, 0]
[8, 4, 9, 0]
[8, 4, 9, 0]
[8, 4, 9, 0]
[8, 9, 0, 7]
Page moved in: 7
Page evicted: 4
[8, 9, 0, 7]
[8, 9, 0, 7]
[8, 9, 0, 7]
[8, 0, 7, 6]
Page moved in: 6
Page evicted: 9
[8, 0, 7, 6]
[8, 7, 6, 4]
Page moved in: 4
Page evicted: 0
[8, 6, 4, 5]
Page moved in: 5
Page evicted: 7
[8, 4, 5, 3]
Page moved in: 3
Page evicted: 6
[8, 4, 5, 2]
Page moved in: 2
Page evicted: 3
[8, 4, 5, 2]
[8, 4, 2, 1]
Page moved in: 1
Page evicted: 5
[8, 4, 2, 1]
[8, 4, 2, 1]
[8, 4, 1, 0]
Page moved in: 0
Page evicted: 2
[8, 4, 1, 0]
[8, 4, 1, 2]
Page moved in: 2
Page evicted: 0
[8, 4, 1, 3]
Page moved in: 3
Page evicted: 2
[8, 4, 1, 0]
Page moved in: 0
Page evicted: 3
[8, 4, 1, 0]
[8, 4, 0, 9]
Page moved in: 9
Page evicted: 1
[8, 0, 9, 7]
Page moved in: 7
Page evicted: 4
[8, 0, 7, 5]
Page moved in: 5
Page evicted: 9
[8, 0, 5, 3]
Page moved in: 3
Page evicted: 7
[8, 0, 5, 3]
[0, 5, 3, 2]
Page moved in: 2
Page evicted: 8
[0, 5, 3, 1]
Page moved in: 1
Page evicted: 2
[0, 5, 3, 2]
Page moved in: 2
Page evicted: 1
[0, 5, 3, 2]
[0, 3, 2, 1]
Page moved in: 1
Page evicted: 5
[0, 3, 2, 1]
[0, 3, 2, 1]
[0, 3, 2, 1]
[0, 3, 1, 4]
Page moved in: 4
Page evicted: 2
[0, 3, 1, 4]
[0, 3, 1, 5]
Page moved in: 5
Page evicted: 4
[0, 3, 1, 5]
[0, 3, 1, 5]
[0, 3, 1, 5]
[0, 3, 5, 8]
Page moved in: 8
Page evicted: 1
[0, 3, 5, 2]
Page moved in: 2
Page evicted: 8
[0, 3, 5, 2]
[0, 3, 2, 6]
Page moved in: 6
Page evicted: 5
[0, 3, 2, 6]
[0, 3, 6, 8]
Page moved in: 8
Page evicted: 2
[0, 3, 8, 9]
Page moved in: 9
Page evicted: 6
[0, 3, 8, 9]
[0, 3, 8, 9]
[0, 3, 8, 9]
[0, 3, 8, 9]
[0, 3, 8, 9]
[0, 3, 9, 7]
Page moved in: 7
Page evicted: 8
[0, 3, 7, 1]
Page moved in: 1
Page evicted: 9
[0, 3, 7, 1]
[3, 7, 1, 2]
Page moved in: 2
Page evicted: 0
[3, 7, 1, 2]
[7, 1, 2, 6]
Page moved in: 6
Page evicted: 3
[7, 1, 2, 6]
[1, 2, 6, 4]
Page moved in: 4
Page evicted: 7
[1, 2, 6, 4]
[1, 2, 6, 0]
Page moved in: 0
Page evicted: 4
[1, 2, 0, 9]
Page moved in: 9
Page evicted: 6
[1, 0, 9, 8]
Page moved in: 8
Page evicted: 2
[1, 0, 9, 8]
[1, 0, 9, 8]
[1, 0, 9, 8]
[1, 0, 9, 8]
[1, 0, 9, 8]
[1, 9, 8, 2]
Page moved in: 2
Page evicted: 0
[1, 9, 2, 3]
Page moved in: 3
Page evicted: 8
[1, 9, 2, 3]
[1, 9, 2, 3]
[1, 9, 2, 3]
[1, 9, 2, 3]
[1, 9, 2, 3]
Run 2
-----------------------------------------------

FIFO Run

-----------------------------------------------

[7]
[7, 1]
[7, 1, 2]
[7, 1, 2]
[7, 1, 2]
[7, 1, 2]
[7, 1, 2, 3]
[1, 2, 3, 8]
Page moved in: 8
Page evicted: 7
[1, 2, 3, 8]
[1, 2, 3, 8]
[1, 2, 3, 8]
[2, 3, 8, 4]
Page moved in: 4
Page evicted: 1
[2, 3, 8, 4]
[2, 3, 8, 4]
[2, 3, 8, 4]
[2, 3, 8, 4]
[3, 8, 4, 1]
Page moved in: 1
Page evicted: 2
[8, 4, 1, 6]
Page moved in: 6
Page evicted: 3
[4, 1, 6, 5]
Page moved in: 5
Page evicted: 8
[4, 1, 6, 5]
[4, 1, 6, 5]
[4, 1, 6, 5]
[1, 6, 5, 3]
Page moved in: 3
Page evicted: 4
[1, 6, 5, 3]
[1, 6, 5, 3]
[6, 5, 3, 4]
Page moved in: 4
Page evicted: 1
[5, 3, 4, 7]
Page moved in: 7
Page evicted: 6
[5, 3, 4, 7]
[5, 3, 4, 7]
[3, 4, 7, 6]
Page moved in: 6
Page evicted: 5
[3, 4, 7, 6]
[4, 7, 6, 5]
Page moved in: 5
Page evicted: 3
[4, 7, 6, 5]
[4, 7, 6, 5]
[4, 7, 6, 5]
[4, 7, 6, 5]
[4, 7, 6, 5]
[4, 7, 6, 5]
[7, 6, 5, 2]
Page moved in: 2
Page evicted: 4
[6, 5, 2, 3]
Page moved in: 3
Page evicted: 7
[6, 5, 2, 3]
[6, 5, 2, 3]
[5, 2, 3, 1]
Page moved in: 1
Page evicted: 6
[2, 3, 1, 0]
Page moved in: 0
Page evicted: 5
[2, 3, 1, 0]
[2, 3, 1, 0]
[2, 3, 1, 0]
[3, 1, 0, 4]
Page moved in: 4
Page evicted: 2
[1, 0, 4, 8]
Page moved in: 8
Page evicted: 3
[0, 4, 8, 7]
Page moved in: 7
Page evicted: 1
[4, 8, 7, 6]
Page moved in: 6
Page evicted: 0
[8, 7, 6, 5]
Page moved in: 5
Page evicted: 4
[8, 7, 6, 5]
[8, 7, 6, 5]
[8, 7, 6, 5]
[7, 6, 5, 4]
Page moved in: 4
Page evicted: 8
[6, 5, 4, 3]
Page moved in: 3
Page evicted: 7
[6, 5, 4, 3]
[6, 5, 4, 3]
[6, 5, 4, 3]
[6, 5, 4, 3]
[6, 5, 4, 3]
[5, 4, 3, 7]
Page moved in: 7
Page evicted: 6
[4, 3, 7, 8]
Page moved in: 8
Page evicted: 5
[4, 3, 7, 8]
[3, 7, 8, 1]
Page moved in: 1
Page evicted: 4
[3, 7, 8, 1]
[7, 8, 1, 4]
Page moved in: 4
Page evicted: 3
[7, 8, 1, 4]
[8, 1, 4, 5]
Page moved in: 5
Page evicted: 7
[1, 4, 5, 6]
Page moved in: 6
Page evicted: 8
[4, 5, 6, 2]
Page moved in: 2
Page evicted: 1
[5, 6, 2, 3]
Page moved in: 3
Page evicted: 4
[6, 2, 3, 8]
Page moved in: 8
Page evicted: 5
[2, 3, 8, 7]
Page moved in: 7
Page evicted: 6
[3, 8, 7, 4]
Page moved in: 4
Page evicted: 2
[8, 7, 4, 9]
Page moved in: 9
Page evicted: 3
[8, 7, 4, 9]
[7, 4, 9, 0]
Page moved in: 0
Page evicted: 8
[4, 9, 0, 1]
Page moved in: 1
Page evicted: 7
[4, 9, 0, 1]
[4, 9, 0, 1]
[4, 9, 0, 1]
[4, 9, 0, 1]
[4, 9, 0, 1]
[4, 9, 0, 1]
[9, 0, 1, 2]
Page moved in: 2
Page evicted: 4
[9, 0, 1, 2]
[9, 0, 1, 2]
[9, 0, 1, 2]
[9, 0, 1, 2]
[0, 1, 2, 4]
Page moved in: 4
Page evicted: 9
[1, 2, 4, 7]
Page moved in: 7
Page evicted: 0
[1, 2, 4, 7]
[2, 4, 7, 3]
Page moved in: 3
Page evicted: 1
[2, 4, 7, 3]
[2, 4, 7, 3]
[2, 4, 7, 3]
[2, 4, 7, 3]
[2, 4, 7, 3]

LRU Run

-----------------------------------------------

[7]
[7, 1]
[7, 1, 2]
[7, 1, 2]
[7, 1, 2]
[7, 1, 2]
[7, 1, 2, 3]
[1, 2, 3, 8]
Page moved in: 8
Page evicted: 7
[1, 2, 3, 8]
[1, 2, 3, 8]
[1, 2, 3, 8]
[3, 2, 1, 4]
Page moved in: 4
Page evicted: 8
[3, 2, 1, 4]
[3, 2, 1, 4]
[3, 2, 1, 4]
[3, 2, 1, 4]
[3, 2, 1, 4]
[3, 2, 1, 6]
Page moved in: 6
Page evicted: 4
[2, 1, 6, 5]
Page moved in: 5
Page evicted: 3
[2, 1, 6, 5]
[1, 6, 5, 4]
Page moved in: 4
Page evicted: 2
[1, 6, 5, 4]
[6, 5, 4, 3]
Page moved in: 3
Page evicted: 1
[6, 5, 4, 3]
[6, 5, 4, 3]
[6, 5, 4, 3]
[5, 3, 4, 7]
Page moved in: 7
Page evicted: 6
[5, 3, 4, 7]
[5, 3, 4, 7]
[3, 4, 7, 6]
Page moved in: 6
Page evicted: 5
[3, 4, 7, 6]
[4, 7, 6, 5]
Page moved in: 5
Page evicted: 3
[4, 7, 6, 5]
[4, 7, 6, 5]
[4, 7, 6, 5]
[4, 7, 6, 5]
[4, 7, 6, 5]
[4, 7, 6, 5]
[7, 5, 6, 2]
Page moved in: 2
Page evicted: 4
[5, 6, 2, 3]
Page moved in: 3
Page evicted: 7
[5, 6, 2, 3]
[5, 6, 2, 3]
[6, 3, 2, 1]
Page moved in: 1
Page evicted: 5
[3, 2, 1, 0]
Page moved in: 0
Page evicted: 6
[3, 2, 1, 0]
[3, 2, 1, 0]
[3, 2, 1, 0]
[2, 0, 1, 4]
Page moved in: 4
Page evicted: 3
[0, 1, 4, 8]
Page moved in: 8
Page evicted: 2
[1, 4, 8, 7]
Page moved in: 7
Page evicted: 0
[4, 8, 7, 6]
Page moved in: 6
Page evicted: 1
[8, 7, 6, 5]
Page moved in: 5
Page evicted: 4
[8, 7, 6, 5]
[8, 7, 6, 5]
[8, 7, 6, 5]
[7, 6, 5, 4]
Page moved in: 4
Page evicted: 8
[6, 5, 4, 3]
Page moved in: 3
Page evicted: 7
[6, 5, 4, 3]
[6, 5, 4, 3]
[6, 5, 4, 3]
[6, 5, 4, 3]
[6, 5, 4, 3]
[4, 5, 6, 7]
Page moved in: 7
Page evicted: 3
[5, 6, 7, 8]
Page moved in: 8
Page evicted: 4
[5, 6, 7, 8]
[6, 8, 7, 1]
Page moved in: 1
Page evicted: 5
[6, 8, 7, 1]
[8, 1, 7, 4]
Page moved in: 4
Page evicted: 6
[8, 1, 7, 4]
[1, 7, 4, 5]
Page moved in: 5
Page evicted: 8
[7, 4, 5, 6]
Page moved in: 6
Page evicted: 1
[4, 5, 6, 2]
Page moved in: 2
Page evicted: 7
[5, 6, 2, 3]
Page moved in: 3
Page evicted: 4
[6, 2, 3, 8]
Page moved in: 8
Page evicted: 5
[2, 3, 8, 7]
Page moved in: 7
Page evicted: 6
[3, 8, 7, 4]
Page moved in: 4
Page evicted: 2
[8, 7, 4, 9]
Page moved in: 9
Page evicted: 3
[8, 7, 4, 9]
[7, 4, 9, 0]
Page moved in: 0
Page evicted: 8
[4, 9, 0, 1]
Page moved in: 1
Page evicted: 7
[4, 9, 0, 1]
[4, 9, 0, 1]
[4, 9, 0, 1]
[4, 9, 0, 1]
[4, 9, 0, 1]
[4, 9, 0, 1]
[9, 0, 1, 2]
Page moved in: 2
Page evicted: 4
[9, 0, 1, 2]
[9, 0, 1, 2]
[9, 0, 1, 2]
[9, 0, 1, 2]
[0, 1, 2, 4]
Page moved in: 4
Page evicted: 9
[1, 2, 4, 7]
Page moved in: 7
Page evicted: 0
[1, 2, 4, 7]
[2, 7, 4, 3]
Page moved in: 3
Page evicted: 1
[2, 7, 4, 3]
[2, 7, 4, 3]
[2, 7, 4, 3]
[2, 7, 4, 3]
[2, 7, 4, 3]

LFU Run

-----------------------------------------------

[7]
[7, 1]
[7, 1, 2]
[7, 1, 2]
[7, 1, 2]
[7, 1, 2]
[7, 1, 2, 3]
[1, 2, 3, 8]
Page moved in: 8
Page evicted: 7
[1, 2, 3, 8]
[1, 2, 3, 8]
[1, 2, 3, 8]
[1, 2, 3, 4]
Page moved in: 4
Page evicted: 8
[1, 2, 3, 4]
[1, 2, 3, 4]
[1, 2, 3, 4]
[1, 2, 3, 4]
[1, 2, 3, 4]
[1, 2, 3, 6]
Page moved in: 6
Page evicted: 4
[1, 2, 3, 5]
Page moved in: 5
Page evicted: 6
[1, 2, 3, 5]
[1, 2, 3, 4]
Page moved in: 4
Page evicted: 5
[1, 2, 3, 4]
[1, 2, 3, 4]
[1, 2, 3, 4]
[1, 2, 3, 4]
[1, 2, 3, 4]
[2, 3, 4, 7]
Page moved in: 7
Page evicted: 1
[2, 3, 4, 7]
[2, 3, 4, 7]
[2, 3, 4, 6]
Page moved in: 6
Page evicted: 7
[2, 3, 4, 6]
[2, 3, 4, 5]
Page moved in: 5
Page evicted: 6
[2, 3, 4, 6]
Page moved in: 6
Page evicted: 5
[2, 3, 4, 7]
Page moved in: 7
Page evicted: 6
[2, 3, 7, 5]
Page moved in: 5
Page evicted: 4
[2, 3, 7, 6]
Page moved in: 6
Page evicted: 5
[2, 3, 6, 5]
Page moved in: 5
Page evicted: 7
[2, 3, 6, 5]
[2, 3, 6, 5]
[2, 3, 6, 5]
[2, 3, 6, 5]
[2, 3, 6, 5]
[2, 3, 6, 1]
Page moved in: 1
Page evicted: 5
[2, 3, 6, 0]
Page moved in: 0
Page evicted: 1
[2, 3, 6, 1]
Page moved in: 1
Page evicted: 0
[2, 3, 6, 0]
Page moved in: 0
Page evicted: 1
[2, 3, 6, 1]
Page moved in: 1
Page evicted: 0
[2, 3, 1, 4]
Page moved in: 4
Page evicted: 6
[2, 3, 4, 8]
Page moved in: 8
Page evicted: 1
[2, 3, 4, 7]
Page moved in: 7
Page evicted: 8
[2, 3, 7, 6]
Page moved in: 6
Page evicted: 4
[2, 3, 6, 5]
Page moved in: 5
Page evicted: 7
[2, 3, 6, 5]
[2, 3, 6, 5]
[2, 3, 6, 5]
[3, 6, 5, 4]
Page moved in: 4
Page evicted: 2
[3, 6, 5, 4]
[3, 6, 5, 4]
[3, 6, 5, 4]
[3, 6, 5, 4]
[3, 6, 5, 4]
[3, 6, 5, 4]
[3, 6, 5, 7]
Page moved in: 7
Page evicted: 4
[3, 6, 5, 8]
Page moved in: 8
Page evicted: 7
[3, 6, 5, 7]
Page moved in: 7
Page evicted: 8
[3, 6, 5, 1]
Page moved in: 1
Page evicted: 7
[3, 6, 5, 7]
Page moved in: 7
Page evicted: 1
[3, 5, 7, 4]
Page moved in: 4
Page evicted: 6
[3, 5, 7, 4]
[3, 5, 7, 4]
[3, 5, 4, 6]
Page moved in: 6
Page evicted: 7
[5, 4, 6, 2]
Page moved in: 2
Page evicted: 3
[5, 4, 6, 3]
Page moved in: 3
Page evicted: 2
[5, 6, 3, 8]
Page moved in: 8
Page evicted: 4
[5, 6, 3, 7]
Page moved in: 7
Page evicted: 8
[5, 3, 7, 4]
Page moved in: 4
Page evicted: 6
[5, 3, 4, 9]
Page moved in: 9
Page evicted: 7
[5, 3, 4, 9]
[5, 3, 4, 0]
Page moved in: 0
Page evicted: 9
[5, 3, 4, 1]
Page moved in: 1
Page evicted: 0
[5, 3, 4, 0]
Page moved in: 0
Page evicted: 1
[5, 3, 4, 0]
[5, 3, 4, 0]
[5, 3, 4, 1]
Page moved in: 1
Page evicted: 0
[5, 3, 4, 1]
[5, 3, 4, 1]
[5, 4, 1, 2]
Page moved in: 2
Page evicted: 3
[5, 4, 1, 2]
[5, 4, 1, 2]
[5, 4, 1, 2]
[5, 4, 1, 2]
[5, 4, 1, 2]
[5, 4, 1, 7]
Page moved in: 7
Page evicted: 2
[5, 4, 1, 7]
[5, 4, 1, 3]
Page moved in: 3
Page evicted: 7
[4, 1, 3, 2]
Page moved in: 2
Page evicted: 5
[4, 1, 3, 2]
[4, 1, 3, 2]
[4, 1, 3, 2]
[4, 1, 3, 2]

MFU Run

-----------------------------------------------

[7]
[7, 1]
[7, 1, 2]
[7, 1, 2]
[7, 1, 2]
[7, 1, 2]
[7, 1, 2, 3]
[7, 1, 3, 8]
Page moved in: 8
Page evicted: 2
[7, 1, 3, 8]
[7, 1, 8, 2]
Page moved in: 2
Page evicted: 3
[7, 1, 8, 2]
[7, 1, 8, 4]
Page moved in: 4
Page evicted: 2
[7, 1, 8, 4]
[7, 8, 4, 3]
Page moved in: 3
Page evicted: 1
[7, 8, 4, 3]
[7, 8, 4, 2]
Page moved in: 2
Page evicted: 3
[7, 8, 4, 1]
Page moved in: 1
Page evicted: 2
[7, 8, 4, 6]
Page moved in: 6
Page evicted: 1
[7, 8, 6, 5]
Page moved in: 5
Page evicted: 4
[7, 8, 6, 5]
[7, 8, 6, 4]
Page moved in: 4
Page evicted: 5
[7, 8, 6, 4]
[7, 8, 6, 3]
Page moved in: 3
Page evicted: 4
[7, 8, 6, 3]
[7, 8, 6, 3]
[7, 8, 6, 4]
Page moved in: 4
Page evicted: 3
[7, 8, 6, 4]
[7, 8, 6, 4]
[7, 8, 6, 4]
[7, 8, 6, 4]
[7, 8, 6, 4]
[7, 8, 6, 5]
Page moved in: 5
Page evicted: 4
[7, 8, 6, 5]
[7, 8, 6, 5]
[7, 8, 6, 5]
[7, 8, 6, 5]
[7, 8, 6, 5]
[7, 8, 6, 5]
[7, 8, 5, 2]
Page moved in: 2
Page evicted: 6
[7, 8, 5, 3]
Page moved in: 3
Page evicted: 2
[7, 8, 5, 3]
[7, 8, 5, 2]
Page moved in: 2
Page evicted: 3
[7, 8, 5, 1]
Page moved in: 1
Page evicted: 2
[8, 5, 1, 0]
Page moved in: 0
Page evicted: 7
[8, 5, 1, 0]
[8, 5, 1, 0]
[8, 5, 1, 0]
[8, 5, 0, 4]
Page moved in: 4
Page evicted: 1
[8, 5, 0, 4]
[8, 5, 0, 7]
Page moved in: 7
Page evicted: 4
[8, 5, 0, 6]
Page moved in: 6
Page evicted: 7
[8, 5, 0, 6]
[8, 5, 0, 6]
[8, 5, 0, 6]
[8, 5, 0, 6]
[8, 0, 6, 4]
Page moved in: 4
Page evicted: 5
[8, 0, 4, 3]
Page moved in: 3
Page evicted: 6
[8, 0, 4, 3]
[8, 0, 4, 5]
Page moved in: 5
Page evicted: 3
[8, 0, 4, 5]
[8, 0, 4, 5]
[8, 0, 4, 6]
Page moved in: 6
Page evicted: 5
[8, 0, 4, 7]
Page moved in: 7
Page evicted: 6
[8, 0, 4, 7]
[8, 0, 4, 7]
[8, 0, 7, 1]
Page moved in: 1
Page evicted: 4
[8, 0, 7, 1]
[8, 0, 1, 4]
Page moved in: 4
Page evicted: 7
[8, 0, 1, 4]
[8, 0, 1, 5]
Page moved in: 5
Page evicted: 4
[8, 0, 1, 6]
Page moved in: 6
Page evicted: 5
[8, 0, 1, 2]
Page moved in: 2
Page evicted: 6
[8, 0, 1, 3]
Page moved in: 3
Page evicted: 2
[8, 0, 1, 3]
[8, 0, 1, 7]
Page moved in: 7
Page evicted: 3
[8, 0, 1, 4]
Page moved in: 4
Page evicted: 7
[8, 0, 1, 9]
Page moved in: 9
Page evicted: 4
[8, 0, 1, 9]
[8, 0, 1, 9]
[8, 0, 1, 9]
[8, 0, 1, 9]
[8, 0, 1, 9]
[8, 0, 1, 9]
[8, 0, 1, 9]
[8, 0, 1, 9]
[8, 0, 1, 9]
[8, 0, 9, 2]
Page moved in: 2
Page evicted: 1
[8, 0, 9, 1]
Page moved in: 1
Page evicted: 2
[8, 0, 9, 1]
[8, 0, 9, 1]
[8, 0, 9, 2]
Page moved in: 2
Page evicted: 1
[8, 0, 9, 4]
Page moved in: 4
Page evicted: 2
[8, 0, 9, 7]
Page moved in: 7
Page evicted: 4
[8, 0, 9, 4]
Page moved in: 4
Page evicted: 7
[8, 0, 9, 3]
Page moved in: 3
Page evicted: 4
[8, 0, 9, 2]
Page moved in: 2
Page evicted: 3
[8, 0, 9, 2]
[8, 0, 9, 2]
[8, 0, 9, 3]
Page moved in: 3
Page evicted: 2
[8, 0, 9, 2]
Page moved in: 2
Page evicted: 3

Random Run

-----------------------------------------------

[7]
[7, 1]
[7, 1, 2]
[7, 1, 2]
[7, 1, 2]
[7, 1, 2]
[7, 1, 2, 3]
[1, 2, 3, 8]
Page moved in: 8
Page evicted: 7
[1, 2, 3, 8]
[1, 2, 3, 8]
[1, 2, 3, 8]
[1, 3, 8, 4]
Page moved in: 4
Page evicted: 2
[1, 3, 8, 4]
[1, 3, 8, 4]
[1, 3, 8, 4]
[1, 8, 4, 2]
Page moved in: 2
Page evicted: 3
[1, 8, 4, 2]
[1, 8, 4, 6]
Page moved in: 6
Page evicted: 2
[1, 8, 6, 5]
Page moved in: 5
Page evicted: 4
[1, 8, 6, 5]
[1, 8, 6, 4]
Page moved in: 4
Page evicted: 5
[1, 8, 6, 4]
[8, 6, 4, 3]
Page moved in: 3
Page evicted: 1
[8, 6, 4, 3]
[8, 6, 4, 3]
[8, 6, 4, 3]
[8, 4, 3, 7]
Page moved in: 7
Page evicted: 6
[8, 4, 3, 7]
[8, 4, 3, 7]
[8, 4, 7, 6]
Page moved in: 6
Page evicted: 3
[8, 4, 7, 6]
[8, 4, 7, 5]
Page moved in: 5
Page evicted: 6
[4, 7, 5, 6]
Page moved in: 6
Page evicted: 8
[4, 7, 5, 6]
[4, 7, 5, 6]
[4, 7, 5, 6]
[4, 7, 5, 6]
[4, 7, 5, 6]
[4, 5, 6, 2]
Page moved in: 2
Page evicted: 7
[4, 5, 6, 3]
Page moved in: 3
Page evicted: 2
[4, 5, 6, 3]
[4, 6, 3, 2]
Page moved in: 2
Page evicted: 5
[4, 3, 2, 1]
Page moved in: 1
Page evicted: 6
[4, 3, 1, 0]
Page moved in: 0
Page evicted: 2
[4, 3, 1, 0]
[4, 3, 1, 0]
[4, 3, 1, 0]
[4, 3, 1, 0]
[3, 1, 0, 8]
Page moved in: 8
Page evicted: 4
[3, 1, 0, 7]
Page moved in: 7
Page evicted: 8
[3, 1, 0, 6]
Page moved in: 6
Page evicted: 7
[1, 0, 6, 5]
Page moved in: 5
Page evicted: 3
[1, 0, 6, 5]
[1, 0, 6, 5]
[1, 0, 6, 5]
[1, 0, 5, 4]
Page moved in: 4
Page evicted: 6
[1, 0, 5, 3]
Page moved in: 3
Page evicted: 4
[1, 5, 3, 4]
Page moved in: 4
Page evicted: 0
[1, 5, 3, 4]
[1, 5, 3, 4]
[1, 5, 3, 4]
[1, 5, 3, 6]
Page moved in: 6
Page evicted: 4
[5, 3, 6, 7]
Page moved in: 7
Page evicted: 1
[5, 3, 6, 8]
Page moved in: 8
Page evicted: 7
[5, 6, 8, 7]
Page moved in: 7
Page evicted: 3
[5, 6, 8, 1]
Page moved in: 1
Page evicted: 7
[5, 6, 8, 7]
Page moved in: 7
Page evicted: 1
[5, 6, 7, 4]
Page moved in: 4
Page evicted: 8
[5, 6, 7, 4]
[5, 6, 7, 4]
[5, 6, 7, 4]
[6, 7, 4, 2]
Page moved in: 2
Page evicted: 5
[6, 7, 2, 3]
Page moved in: 3
Page evicted: 4
[6, 7, 3, 8]
Page moved in: 8
Page evicted: 2
[6, 7, 3, 8]
[6, 7, 3, 4]
Page moved in: 4
Page evicted: 8
[6, 7, 4, 9]
Page moved in: 9
Page evicted: 3
[6, 7, 4, 9]
[6, 7, 4, 0]
Page moved in: 0
Page evicted: 9
[7, 4, 0, 1]
Page moved in: 1
Page evicted: 6
[7, 4, 0, 1]
[7, 4, 0, 1]
[7, 4, 0, 1]
[7, 4, 0, 1]
[7, 4, 0, 1]
[7, 4, 0, 1]
[7, 4, 1, 2]
Page moved in: 2
Page evicted: 0
[7, 4, 1, 2]
[7, 4, 1, 2]
[7, 4, 1, 2]
[7, 4, 1, 2]
[7, 4, 1, 2]
[7, 4, 1, 2]
[7, 4, 1, 2]
[7, 4, 1, 3]
Page moved in: 3
Page evicted: 2
[4, 1, 3, 2]
Page moved in: 2
Page evicted: 7
[4, 1, 3, 2]
[4, 1, 3, 2]
[4, 1, 3, 2]
[4, 1, 3, 2]
Run 3
-----------------------------------------------

FIFO Run

-----------------------------------------------

[7]
[7]
[7]
[7, 3]
[7, 3, 6]
[7, 3, 6]
[7, 3, 6]
[7, 3, 6]
[7, 3, 6]
[7, 3, 6, 2]
[7, 3, 6, 2]
[7, 3, 6, 2]
[3, 6, 2, 4]
Page moved in: 4
Page evicted: 7
[3, 6, 2, 4]
[6, 2, 4, 5]
Page moved in: 5
Page evicted: 3
[6, 2, 4, 5]
[6, 2, 4, 5]
[6, 2, 4, 5]
[2, 4, 5, 9]
Page moved in: 9
Page evicted: 6
[4, 5, 9, 0]
Page moved in: 0
Page evicted: 2
[5, 9, 0, 1]
Page moved in: 1
Page evicted: 4
[5, 9, 0, 1]
[5, 9, 0, 1]
[9, 0, 1, 8]
Page moved in: 8
Page evicted: 5
[9, 0, 1, 8]
[9, 0, 1, 8]
[9, 0, 1, 8]
[9, 0, 1, 8]
[9, 0, 1, 8]
[0, 1, 8, 7]
Page moved in: 7
Page evicted: 9
[1, 8, 7, 2]
Page moved in: 2
Page evicted: 0
[1, 8, 7, 2]
[8, 7, 2, 3]
Page moved in: 3
Page evicted: 1
[7, 2, 3, 4]
Page moved in: 4
Page evicted: 8
[2, 3, 4, 6]
Page moved in: 6
Page evicted: 7
[3, 4, 6, 7]
Page moved in: 7
Page evicted: 2
[4, 6, 7, 8]
Page moved in: 8
Page evicted: 3
[6, 7, 8, 9]
Page moved in: 9
Page evicted: 4
[7, 8, 9, 5]
Page moved in: 5
Page evicted: 6
[8, 9, 5, 0]
Page moved in: 0
Page evicted: 7
[9, 5, 0, 1]
Page moved in: 1
Page evicted: 8
[5, 0, 1, 2]
Page moved in: 2
Page evicted: 9
[0, 1, 2, 3]
Page moved in: 3
Page evicted: 5
[0, 1, 2, 3]
[1, 2, 3, 9]
Page moved in: 9
Page evicted: 0
[1, 2, 3, 9]
[2, 3, 9, 8]
Page moved in: 8
Page evicted: 1
[3, 9, 8, 7]
Page moved in: 7
Page evicted: 2
[9, 8, 7, 6]
Page moved in: 6
Page evicted: 3
[9, 8, 7, 6]
[8, 7, 6, 1]
Page moved in: 1
Page evicted: 9
[8, 7, 6, 1]
[7, 6, 1, 5]
Page moved in: 5
Page evicted: 8
[6, 1, 5, 4]
Page moved in: 4
Page evicted: 7
[6, 1, 5, 4]
[6, 1, 5, 4]
[1, 5, 4, 0]
Page moved in: 0
Page evicted: 6
[5, 4, 0, 9]
Page moved in: 9
Page evicted: 1
[4, 0, 9, 3]
Page moved in: 3
Page evicted: 5
[0, 9, 3, 2]
Page moved in: 2
Page evicted: 4
[9, 3, 2, 1]
Page moved in: 1
Page evicted: 0
[9, 3, 2, 1]
[9, 3, 2, 1]
[9, 3, 2, 1]
[9, 3, 2, 1]
[9, 3, 2, 1]
[3, 2, 1, 8]
Page moved in: 8
Page evicted: 9
[2, 1, 8, 7]
Page moved in: 7
Page evicted: 3
[2, 1, 8, 7]
[1, 8, 7, 9]
Page moved in: 9
Page evicted: 2
[8, 7, 9, 2]
Page moved in: 2
Page evicted: 1
[7, 9, 2, 3]
Page moved in: 3
Page evicted: 8
[7, 9, 2, 3]
[7, 9, 2, 3]
[7, 9, 2, 3]
[7, 9, 2, 3]
[7, 9, 2, 3]
[9, 2, 3, 6]
Page moved in: 6
Page evicted: 7
[2, 3, 6, 5]
Page moved in: 5
Page evicted: 9
[2, 3, 6, 5]
[3, 6, 5, 9]
Page moved in: 9
Page evicted: 2
[6, 5, 9, 2]
Page moved in: 2
Page evicted: 3
[5, 9, 2, 7]
Page moved in: 7
Page evicted: 6
[5, 9, 2, 7]
[9, 2, 7, 6]
Page moved in: 6
Page evicted: 5
[2, 7, 6, 5]
Page moved in: 5
Page evicted: 9
[7, 6, 5, 4]
Page moved in: 4
Page evicted: 2
[6, 5, 4, 9]
Page moved in: 9
Page evicted: 7
[6, 5, 4, 9]
[6, 5, 4, 9]
[6, 5, 4, 9]
[6, 5, 4, 9]
[5, 4, 9, 3]
Page moved in: 3
Page evicted: 6
[5, 4, 9, 3]
[5, 4, 9, 3]
[4, 9, 3, 6]
Page moved in: 6
Page evicted: 5
[9, 3, 6, 7]
Page moved in: 7
Page evicted: 4
[3, 6, 7, 4]
Page moved in: 4
Page evicted: 9
[6, 7, 4, 0]
Page moved in: 0
Page evicted: 3
[7, 4, 0, 1]
Page moved in: 1
Page evicted: 6

LRU Run

-----------------------------------------------

[7]
[7]
[7]
[7, 3]
[7, 3, 6]
[7, 3, 6]
[7, 3, 6]
[7, 3, 6]
[7, 3, 6]
[7, 3, 6, 2]
[7, 3, 6, 2]
[7, 3, 6, 2]
[7, 2, 3, 4]
Page moved in: 4
Page evicted: 6
[7, 2, 3, 4]
[2, 3, 4, 5]
Page moved in: 5
Page evicted: 7
[3, 4, 5, 6]
Page moved in: 6
Page evicted: 2
[3, 4, 5, 6]
[3, 4, 5, 6]
[4, 5, 6, 9]
Page moved in: 9
Page evicted: 3
[5, 6, 9, 0]
Page moved in: 0
Page evicted: 4
[6, 9, 0, 1]
Page moved in: 1
Page evicted: 5
[6, 9, 0, 1]
[6, 9, 0, 1]
[9, 1, 0, 8]
Page moved in: 8
Page evicted: 6
[9, 1, 0, 8]
[9, 1, 0, 8]
[9, 1, 0, 8]
[9, 1, 0, 8]
[9, 1, 0, 8]
[8, 0, 9, 7]
Page moved in: 7
Page evicted: 1
[0, 9, 7, 2]
Page moved in: 2
Page evicted: 8
[0, 9, 7, 2]
[9, 7, 2, 3]
Page moved in: 3
Page evicted: 0
[7, 2, 3, 4]
Page moved in: 4
Page evicted: 9
[2, 3, 4, 6]
Page moved in: 6
Page evicted: 7
[3, 4, 6, 7]
Page moved in: 7
Page evicted: 2
[4, 6, 7, 8]
Page moved in: 8
Page evicted: 3
[6, 7, 8, 9]
Page moved in: 9
Page evicted: 4
[7, 8, 9, 5]
Page moved in: 5
Page evicted: 6
[8, 9, 5, 0]
Page moved in: 0
Page evicted: 7
[9, 5, 0, 1]
Page moved in: 1
Page evicted: 8
[5, 0, 1, 2]
Page moved in: 2
Page evicted: 9
[0, 1, 2, 3]
Page moved in: 3
Page evicted: 5
[0, 1, 2, 3]
[1, 3, 2, 9]
Page moved in: 9
Page evicted: 0
[1, 3, 2, 9]
[3, 2, 9, 8]
Page moved in: 8
Page evicted: 1
[2, 9, 8, 7]
Page moved in: 7
Page evicted: 3
[9, 8, 7, 6]
Page moved in: 6
Page evicted: 2
[9, 8, 7, 6]
[8, 6, 7, 1]
Page moved in: 1
Page evicted: 9
[8, 6, 7, 1]
[6, 7, 1, 5]
Page moved in: 5
Page evicted: 8
[7, 1, 5, 4]
Page moved in: 4
Page evicted: 6
[7, 1, 5, 4]
[7, 1, 5, 4]
[1, 4, 5, 0]
Page moved in: 0
Page evicted: 7
[4, 5, 0, 9]
Page moved in: 9
Page evicted: 1
[5, 0, 9, 3]
Page moved in: 3
Page evicted: 4
[0, 9, 3, 2]
Page moved in: 2
Page evicted: 5
[9, 3, 2, 1]
Page moved in: 1
Page evicted: 0
[9, 3, 2, 1]
[9, 3, 2, 1]
[9, 3, 2, 1]
[9, 3, 2, 1]
[9, 3, 2, 1]
[1, 2, 9, 8]
Page moved in: 8
Page evicted: 3
[2, 9, 8, 7]
Page moved in: 7
Page evicted: 1
[2, 9, 8, 7]
[2, 9, 8, 7]
[2, 9, 8, 7]
[8, 9, 2, 3]
Page moved in: 3
Page evicted: 7
[8, 9, 2, 3]
[2, 3, 9, 7]
Page moved in: 7
Page evicted: 8
[2, 3, 9, 7]
[2, 3, 9, 7]
[2, 3, 9, 7]
[9, 7, 2, 6]
Page moved in: 6
Page evicted: 3
[7, 2, 6, 5]
Page moved in: 5
Page evicted: 9
[7, 2, 6, 5]
[2, 5, 6, 9]
Page moved in: 9
Page evicted: 7
[2, 5, 6, 9]
[6, 9, 2, 7]
Page moved in: 7
Page evicted: 5
[6, 9, 2, 7]
[6, 9, 2, 7]
[2, 7, 6, 5]
Page moved in: 5
Page evicted: 9
[7, 6, 5, 4]
Page moved in: 4
Page evicted: 2
[6, 5, 4, 9]
Page moved in: 9
Page evicted: 7
[6, 5, 4, 9]
[6, 5, 4, 9]
[6, 5, 4, 9]
[6, 5, 4, 9]
[9, 5, 6, 3]
Page moved in: 3
Page evicted: 4
[9, 5, 6, 3]
[9, 5, 6, 3]
[9, 5, 6, 3]
[3, 5, 6, 7]
Page moved in: 7
Page evicted: 9
[5, 6, 7, 4]
Page moved in: 4
Page evicted: 3
[6, 7, 4, 0]
Page moved in: 0
Page evicted: 5
[7, 4, 0, 1]
Page moved in: 1
Page evicted: 6

LFU Run

-----------------------------------------------

[7]
[7]
[7]
[7, 3]
[7, 3, 6]
[7, 3, 6]
[7, 3, 6]
[7, 3, 6]
[7, 3, 6]
[7, 3, 6, 2]
[7, 3, 6, 2]
[7, 3, 6, 2]
[7, 3, 6, 4]
Page moved in: 4
Page evicted: 2
[7, 3, 6, 4]
[7, 3, 4, 5]
Page moved in: 5
Page evicted: 6
[7, 3, 4, 6]
Page moved in: 6
Page evicted: 5
[7, 3, 6, 5]
Page moved in: 5
Page evicted: 4
[7, 3, 6, 5]
[7, 3, 6, 9]
Page moved in: 9
Page evicted: 5
[7, 3, 6, 0]
Page moved in: 0
Page evicted: 9
[7, 3, 6, 1]
Page moved in: 1
Page evicted: 0
[7, 3, 6, 1]
[7, 3, 6, 0]
Page moved in: 0
Page evicted: 1
[7, 3, 6, 8]
Page moved in: 8
Page evicted: 0
[7, 3, 6, 8]
[7, 3, 6, 0]
Page moved in: 0
Page evicted: 8
[7, 6, 0, 9]
Page moved in: 9
Page evicted: 3
[7, 6, 0, 9]
[7, 6, 0, 9]
[7, 6, 0, 9]
[7, 6, 0, 2]
Page moved in: 2
Page evicted: 9
[7, 6, 0, 2]
[7, 6, 0, 3]
Page moved in: 3
Page evicted: 2
[7, 0, 3, 4]
Page moved in: 4
Page evicted: 6
[7, 0, 3, 6]
Page moved in: 6
Page evicted: 4
[7, 0, 3, 6]
[7, 3, 6, 8]
Page moved in: 8
Page evicted: 0
[7, 3, 6, 9]
Page moved in: 9
Page evicted: 8
[7, 6, 9, 5]
Page moved in: 5
Page evicted: 3
[7, 6, 9, 0]
Page moved in: 0
Page evicted: 5
[7, 6, 0, 1]
Page moved in: 1
Page evicted: 9
[7, 6, 0, 2]
Page moved in: 2
Page evicted: 1
[7, 6, 0, 3]
Page moved in: 3
Page evicted: 2
[7, 0, 3, 2]
Page moved in: 2
Page evicted: 6
[7, 3, 2, 9]
Page moved in: 9
Page evicted: 0
[7, 3, 2, 9]
[7, 2, 9, 8]
Page moved in: 8
Page evicted: 3
[7, 2, 9, 8]
[7, 2, 9, 6]
Page moved in: 6
Page evicted: 8
[7, 2, 9, 6]
[7, 9, 6, 1]
Page moved in: 1
Page evicted: 2
[7, 9, 6, 1]
[7, 9, 6, 5]
Page moved in: 5
Page evicted: 1
[7, 9, 6, 4]
Page moved in: 4
Page evicted: 5
[7, 9, 6, 5]
Page moved in: 5
Page evicted: 4
[7, 9, 6, 5]
[7, 6, 5, 0]
Page moved in: 0
Page evicted: 9
[7, 5, 0, 9]
Page moved in: 9
Page evicted: 6
[7, 0, 9, 3]
Page moved in: 3
Page evicted: 5
[7, 9, 3, 2]
Page moved in: 2
Page evicted: 0
[7, 9, 2, 1]
Page moved in: 1
Page evicted: 3
[7, 9, 2, 1]
[7, 9, 2, 1]
[7, 9, 2, 1]
[7, 9, 2, 1]
[7, 9, 2, 1]
[7, 9, 2, 8]
Page moved in: 8
Page evicted: 1
[7, 9, 2, 8]
[7, 9, 2, 8]
[7, 9, 2, 8]
[7, 9, 2, 8]
[7, 9, 2, 3]
Page moved in: 3
Page evicted: 8
[7, 9, 2, 3]
[7, 9, 2, 3]
[7, 9, 2, 3]
[7, 9, 2, 3]
[7, 9, 2, 3]
[7, 9, 2, 6]
Page moved in: 6
Page evicted: 3
[7, 9, 2, 5]
Page moved in: 5
Page evicted: 6
[7, 9, 2, 6]
Page moved in: 6
Page evicted: 5
[7, 9, 2, 6]
[7, 9, 2, 6]
[7, 9, 2, 6]
[7, 9, 2, 6]
[7, 9, 2, 6]
[7, 9, 2, 5]
Page moved in: 5
Page evicted: 6
[7, 9, 2, 4]
Page moved in: 4
Page evicted: 5
[7, 9, 2, 4]
[7, 9, 2, 4]
[7, 9, 2, 6]
Page moved in: 6
Page evicted: 4
[7, 9, 6, 5]
Page moved in: 5
Page evicted: 2
[7, 9, 6, 5]
[7, 9, 6, 3]
Page moved in: 3
Page evicted: 5
[7, 9, 6, 5]
Page moved in: 5
Page evicted: 3
[7, 9, 6, 5]
[7, 9, 6, 5]
[7, 9, 6, 5]
[7, 9, 6, 4]
Page moved in: 4
Page evicted: 5
[7, 9, 6, 0]
Page moved in: 0
Page evicted: 4
[7, 9, 6, 1]
Page moved in: 1
Page evicted: 0

MFU Run

-----------------------------------------------

[7]
[7]
[7]
[7, 3]
[7, 3, 6]
[7, 3, 6]
[7, 3, 6]
[7, 3, 6]
[7, 3, 6]
[7, 3, 6, 2]
[7, 3, 6, 2]
[7, 3, 6, 2]
[3, 6, 2, 4]
Page moved in: 4
Page evicted: 7
[3, 6, 2, 4]
[6, 2, 4, 5]
Page moved in: 5
Page evicted: 3
[6, 2, 4, 5]
[6, 2, 4, 5]
[6, 2, 4, 5]
[2, 4, 5, 9]
Page moved in: 9
Page evicted: 6
[2, 5, 9, 0]
Page moved in: 0
Page evicted: 4
[2, 9, 0, 1]
Page moved in: 1
Page evicted: 5
[2, 9, 0, 1]
[2, 9, 0, 1]
[2, 9, 1, 8]
Page moved in: 8
Page evicted: 0
[2, 9, 1, 8]
[2, 9, 8, 0]
Page moved in: 0
Page evicted: 1
[2, 9, 8, 0]
[2, 9, 8, 0]
[2, 9, 8, 0]
[2, 9, 8, 7]
Page moved in: 7
Page evicted: 0
[2, 9, 8, 7]
[2, 9, 8, 7]
[2, 9, 8, 3]
Page moved in: 3
Page evicted: 7
[2, 9, 8, 4]
Page moved in: 4
Page evicted: 3
[9, 8, 4, 6]
Page moved in: 6
Page evicted: 2
[9, 8, 4, 7]
Page moved in: 7
Page evicted: 6
[9, 8, 4, 7]
[9, 8, 4, 7]
[9, 8, 4, 5]
Page moved in: 5
Page evicted: 7
[8, 4, 5, 0]
Page moved in: 0
Page evicted: 9
[8, 4, 5, 1]
Page moved in: 1
Page evicted: 0
[4, 5, 1, 2]
Page moved in: 2
Page evicted: 8
[4, 5, 1, 3]
Page moved in: 3
Page evicted: 2
[4, 5, 1, 2]
Page moved in: 2
Page evicted: 3
[4, 5, 1, 9]
Page moved in: 9
Page evicted: 2
[4, 5, 1, 9]
[4, 5, 1, 8]
Page moved in: 8
Page evicted: 9
[4, 5, 1, 7]
Page moved in: 7
Page evicted: 8
[4, 5, 1, 6]
Page moved in: 6
Page evicted: 7
[4, 5, 1, 7]
Page moved in: 7
Page evicted: 6
[4, 5, 1, 7]
[4, 5, 1, 7]
[4, 5, 1, 7]
[4, 5, 1, 7]
[4, 5, 1, 7]
[4, 5, 1, 7]
[4, 5, 1, 0]
Page moved in: 0
Page evicted: 7
[4, 1, 0, 9]
Page moved in: 9
Page evicted: 5
[4, 1, 0, 3]
Page moved in: 3
Page evicted: 9
[4, 1, 3, 2]
Page moved in: 2
Page evicted: 0
[4, 1, 3, 2]
[4, 1, 3, 2]
[4, 1, 3, 9]
Page moved in: 9
Page evicted: 2
[4, 1, 3, 9]
[4, 1, 3, 9]
[4, 1, 3, 9]
[4, 1, 3, 8]
Page moved in: 8
Page evicted: 9
[4, 3, 8, 7]
Page moved in: 7
Page evicted: 1
[4, 3, 8, 7]
[4, 3, 8, 9]
Page moved in: 9
Page evicted: 7
[4, 3, 8, 2]
Page moved in: 2
Page evicted: 9
[4, 3, 8, 2]
[4, 3, 8, 9]
Page moved in: 9
Page evicted: 2
[4, 3, 8, 7]
Page moved in: 7
Page evicted: 9
[4, 3, 8, 7]
[4, 3, 8, 7]
[4, 3, 8, 2]
Page moved in: 2
Page evicted: 7
[4, 3, 8, 6]
Page moved in: 6
Page evicted: 2
[4, 8, 6, 5]
Page moved in: 5
Page evicted: 3
[4, 8, 6, 5]
[4, 8, 5, 9]
Page moved in: 9
Page evicted: 6
[4, 8, 5, 2]
Page moved in: 2
Page evicted: 9
[4, 8, 5, 7]
Page moved in: 7
Page evicted: 2
[4, 8, 5, 7]
[4, 8, 5, 6]
Page moved in: 6
Page evicted: 7
[4, 8, 5, 6]
[4, 8, 5, 6]
[4, 8, 5, 9]
Page moved in: 9
Page evicted: 6
[4, 8, 5, 9]
[4, 8, 5, 6]
Page moved in: 6
Page evicted: 9
[4, 8, 5, 6]
[4, 8, 5, 6]
[4, 8, 5, 3]
Page moved in: 3
Page evicted: 6
[4, 8, 5, 3]
[4, 8, 5, 3]
[4, 8, 3, 6]
Page moved in: 6
Page evicted: 5
[4, 8, 3, 7]
Page moved in: 7
Page evicted: 6
[4, 8, 3, 7]
[4, 8, 3, 0]
Page moved in: 0
Page evicted: 7
[4, 8, 0, 1]
Page moved in: 1
Page evicted: 3

Random Run

-----------------------------------------------

[7]
[7]
[7]
[7, 3]
[7, 3, 6]
[7, 3, 6]
[7, 3, 6]
[7, 3, 6]
[7, 3, 6]
[7, 3, 6, 2]
[7, 3, 6, 2]
[7, 3, 6, 2]
[7, 3, 2, 4]
Page moved in: 4
Page evicted: 6
[7, 3, 2, 4]
[3, 2, 4, 5]
Page moved in: 5
Page evicted: 7
[3, 4, 5, 6]
Page moved in: 6
Page evicted: 2
[3, 4, 5, 6]
[3, 4, 5, 6]
[3, 5, 6, 9]
Page moved in: 9
Page evicted: 4
[3, 6, 9, 0]
Page moved in: 0
Page evicted: 5
[3, 9, 0, 1]
Page moved in: 1
Page evicted: 6
[3, 9, 0, 1]
[3, 9, 0, 1]
[3, 0, 1, 8]
Page moved in: 8
Page evicted: 9
[3, 0, 1, 8]
[3, 0, 1, 8]
[0, 1, 8, 9]
Page moved in: 9
Page evicted: 3
[0, 1, 8, 9]
[0, 1, 8, 9]
[0, 1, 9, 7]
Page moved in: 7
Page evicted: 8
[0, 1, 9, 2]
Page moved in: 2
Page evicted: 7
[0, 1, 9, 2]
[0, 1, 9, 3]
Page moved in: 3
Page evicted: 2
[1, 9, 3, 4]
Page moved in: 4
Page evicted: 0
[1, 9, 4, 6]
Page moved in: 6
Page evicted: 3
[1, 9, 4, 7]
Page moved in: 7
Page evicted: 6
[1, 9, 7, 8]
Page moved in: 8
Page evicted: 4
[1, 9, 7, 8]
[1, 7, 8, 5]
Page moved in: 5
Page evicted: 9
[1, 7, 8, 0]
Page moved in: 0
Page evicted: 5
[1, 7, 8, 0]
[7, 8, 0, 2]
Page moved in: 2
Page evicted: 1
[7, 8, 0, 3]
Page moved in: 3
Page evicted: 2
[7, 8, 3, 2]
Page moved in: 2
Page evicted: 0
[7, 3, 2, 9]
Page moved in: 9
Page evicted: 8
[7, 3, 2, 9]
[7, 2, 9, 8]
Page moved in: 8
Page evicted: 3
[7, 2, 9, 8]
[2, 9, 8, 6]
Page moved in: 6
Page evicted: 7
[9, 8, 6, 7]
Page moved in: 7
Page evicted: 2
[9, 6, 7, 1]
Page moved in: 1
Page evicted: 8
[9, 6, 7, 1]
[9, 6, 1, 5]
Page moved in: 5
Page evicted: 7
[6, 1, 5, 4]
Page moved in: 4
Page evicted: 9
[6, 1, 5, 4]
[6, 1, 5, 4]
[1, 5, 4, 0]
Page moved in: 0
Page evicted: 6
[5, 4, 0, 9]
Page moved in: 9
Page evicted: 1
[5, 4, 0, 3]
Page moved in: 3
Page evicted: 9
[5, 0, 3, 2]
Page moved in: 2
Page evicted: 4
[5, 3, 2, 1]
Page moved in: 1
Page evicted: 0
[5, 3, 2, 1]
[3, 2, 1, 9]
Page moved in: 9
Page evicted: 5
[3, 2, 1, 9]
[3, 2, 1, 9]
[3, 2, 1, 9]
[2, 1, 9, 8]
Page moved in: 8
Page evicted: 3
[2, 1, 9, 7]
Page moved in: 7
Page evicted: 8
[2, 1, 7, 8]
Page moved in: 8
Page evicted: 9
[1, 7, 8, 9]
Page moved in: 9
Page evicted: 2
[7, 8, 9, 2]
Page moved in: 2
Page evicted: 1
[7, 9, 2, 3]
Page moved in: 3
Page evicted: 8
[7, 9, 2, 3]
[7, 9, 2, 3]
[7, 9, 2, 3]
[7, 9, 2, 3]
[7, 9, 2, 3]
[7, 9, 2, 6]
Page moved in: 6
Page evicted: 3
[7, 9, 2, 5]
Page moved in: 5
Page evicted: 6
[9, 2, 5, 6]
Page moved in: 6
Page evicted: 7
[9, 2, 5, 6]
[9, 2, 5, 6]
[9, 5, 6, 7]
Page moved in: 7
Page evicted: 2
[9, 5, 6, 7]
[9, 5, 6, 7]
[9, 5, 6, 7]
[9, 6, 7, 4]
Page moved in: 4
Page evicted: 5
[9, 6, 7, 4]
[9, 6, 7, 4]
[9, 6, 7, 4]
[9, 6, 4, 5]
Page moved in: 5
Page evicted: 7
[9, 6, 4, 5]
[9, 4, 5, 3]
Page moved in: 3
Page evicted: 6
[9, 4, 5, 3]
[9, 4, 5, 3]
[9, 4, 3, 6]
Page moved in: 6
Page evicted: 5
[4, 3, 6, 7]
Page moved in: 7
Page evicted: 9
[4, 3, 6, 7]
[4, 3, 6, 0]
Page moved in: 0
Page evicted: 7
[3, 6, 0, 1]
Page moved in: 1
Page evicted: 4
Run 4
-----------------------------------------------

FIFO Run

-----------------------------------------------

[5]
[5, 2]
[5, 2, 1]
[5, 2, 1]
[5, 2, 1, 6]
[2, 1, 6, 0]
Page moved in: 0
Page evicted: 5
[1, 6, 0, 3]
Page moved in: 3
Page evicted: 2
[6, 0, 3, 2]
Page moved in: 2
Page evicted: 1
[6, 0, 3, 2]
[0, 3, 2, 4]
Page moved in: 4
Page evicted: 6
[0, 3, 2, 4]
[3, 2, 4, 5]
Page moved in: 5
Page evicted: 0
[2, 4, 5, 6]
Page moved in: 6
Page evicted: 3
[2, 4, 5, 6]
[2, 4, 5, 6]
[4, 5, 6, 7]
Page moved in: 7
Page evicted: 2
[4, 5, 6, 7]
[4, 5, 6, 7]
[5, 6, 7, 9]
Page moved in: 9
Page evicted: 4
[6, 7, 9, 0]
Page moved in: 0
Page evicted: 5
[6, 7, 9, 0]
[6, 7, 9, 0]
[6, 7, 9, 0]
[6, 7, 9, 0]
[6, 7, 9, 0]
[7, 9, 0, 4]
Page moved in: 4
Page evicted: 6
[9, 0, 4, 5]
Page moved in: 5
Page evicted: 7
[0, 4, 5, 6]
Page moved in: 6
Page evicted: 9
[0, 4, 5, 6]
[0, 4, 5, 6]
[4, 5, 6, 8]
Page moved in: 8
Page evicted: 0
[5, 6, 8, 9]
Page moved in: 9
Page evicted: 4
[5, 6, 8, 9]
[5, 6, 8, 9]
[5, 6, 8, 9]
[6, 8, 9, 7]
Page moved in: 7
Page evicted: 5
[6, 8, 9, 7]
[8, 9, 7, 5]
Page moved in: 5
Page evicted: 6
[8, 9, 7, 5]
[9, 7, 5, 6]
Page moved in: 6
Page evicted: 8
[9, 7, 5, 6]
[9, 7, 5, 6]
[9, 7, 5, 6]
[9, 7, 5, 6]
[9, 7, 5, 6]
[9, 7, 5, 6]
[9, 7, 5, 6]
[9, 7, 5, 6]
[9, 7, 5, 6]
[7, 5, 6, 3]
Page moved in: 3
Page evicted: 9
[7, 5, 6, 3]
[5, 6, 3, 0]
Page moved in: 0
Page evicted: 7
[6, 3, 0, 1]
Page moved in: 1
Page evicted: 5
[6, 3, 0, 1]
[6, 3, 0, 1]
[6, 3, 0, 1]
[6, 3, 0, 1]
[6, 3, 0, 1]
[6, 3, 0, 1]
[6, 3, 0, 1]
[6, 3, 0, 1]
[3, 0, 1, 7]
Page moved in: 7
Page evicted: 6
[0, 1, 7, 8]
Page moved in: 8
Page evicted: 3
[1, 7, 8, 9]
Page moved in: 9
Page evicted: 0
[1, 7, 8, 9]
[1, 7, 8, 9]
[7, 8, 9, 6]
Page moved in: 6
Page evicted: 1
[8, 9, 6, 5]
Page moved in: 5
Page evicted: 7
[9, 6, 5, 7]
Page moved in: 7
Page evicted: 8
[9, 6, 5, 7]
[6, 5, 7, 4]
Page moved in: 4
Page evicted: 9
[5, 7, 4, 3]
Page moved in: 3
Page evicted: 6
[5, 7, 4, 3]
[5, 7, 4, 3]
[5, 7, 4, 3]
[7, 4, 3, 6]
Page moved in: 6
Page evicted: 5
[7, 4, 3, 6]
[4, 3, 6, 8]
Page moved in: 8
Page evicted: 7
[3, 6, 8, 9]
Page moved in: 9
Page evicted: 4
[6, 8, 9, 0]
Page moved in: 0
Page evicted: 3
[8, 9, 0, 5]
Page moved in: 5
Page evicted: 6
[8, 9, 0, 5]
[9, 0, 5, 4]
Page moved in: 4
Page evicted: 8
[0, 5, 4, 3]
Page moved in: 3
Page evicted: 9
[0, 5, 4, 3]
[5, 4, 3, 2]
Page moved in: 2
Page evicted: 0
[4, 3, 2, 1]
Page moved in: 1
Page evicted: 5
[4, 3, 2, 1]
[4, 3, 2, 1]
[3, 2, 1, 5]
Page moved in: 5
Page evicted: 4
[3, 2, 1, 5]
[2, 1, 5, 9]
Page moved in: 9
Page evicted: 3
[2, 1, 5, 9]
[1, 5, 9, 0]
Page moved in: 0
Page evicted: 2
[5, 9, 0, 6]
Page moved in: 6
Page evicted: 1
[9, 0, 6, 8]
Page moved in: 8
Page evicted: 5
[0, 6, 8, 7]
Page moved in: 7
Page evicted: 9
[0, 6, 8, 7]
[0, 6, 8, 7]
[6, 8, 7, 3]
Page moved in: 3
Page evicted: 0

LRU Run

-----------------------------------------------

[5]
[5, 2]
[5, 2, 1]
[5, 2, 1]
[5, 2, 1, 6]
[2, 1, 6, 0]
Page moved in: 0
Page evicted: 5
[1, 6, 0, 3]
Page moved in: 3
Page evicted: 2
[6, 0, 3, 2]
Page moved in: 2
Page evicted: 1
[6, 0, 3, 2]
[0, 2, 3, 4]
Page moved in: 4
Page evicted: 6
[0, 2, 3, 4]
[2, 3, 4, 5]
Page moved in: 5
Page evicted: 0
[3, 4, 5, 6]
Page moved in: 6
Page evicted: 2
[3, 4, 5, 6]
[3, 4, 5, 6]
[4, 5, 6, 7]
Page moved in: 7
Page evicted: 3
[4, 5, 6, 7]
[4, 5, 6, 7]
[5, 7, 6, 9]
Page moved in: 9
Page evicted: 4
[7, 6, 9, 0]
Page moved in: 0
Page evicted: 5
[7, 6, 9, 0]
[7, 6, 9, 0]
[7, 6, 9, 0]
[7, 6, 9, 0]
[7, 6, 9, 0]
[9, 0, 6, 4]
Page moved in: 4
Page evicted: 7
[0, 6, 4, 5]
Page moved in: 5
Page evicted: 9
[0, 6, 4, 5]
[0, 6, 4, 5]
[0, 6, 4, 5]
[4, 5, 6, 8]
Page moved in: 8
Page evicted: 0
[5, 6, 8, 9]
Page moved in: 9
Page evicted: 4
[5, 6, 8, 9]
[5, 6, 8, 9]
[5, 6, 8, 9]
[6, 9, 8, 7]
Page moved in: 7
Page evicted: 5
[6, 9, 8, 7]
[8, 7, 6, 5]
Page moved in: 5
Page evicted: 9
[8, 7, 6, 5]
[8, 7, 6, 5]
[8, 7, 6, 5]
[8, 7, 6, 5]
[8, 7, 6, 5]
[8, 7, 6, 5]
[8, 7, 6, 5]
[8, 7, 6, 5]
[8, 7, 6, 5]
[8, 7, 6, 5]
[8, 7, 6, 5]
[7, 5, 6, 3]
Page moved in: 3
Page evicted: 8
[7, 5, 6, 3]
[5, 6, 3, 0]
Page moved in: 0
Page evicted: 7
[6, 3, 0, 1]
Page moved in: 1
Page evicted: 5
[6, 3, 0, 1]
[6, 3, 0, 1]
[6, 3, 0, 1]
[6, 3, 0, 1]
[6, 3, 0, 1]
[6, 3, 0, 1]
[6, 3, 0, 1]
[6, 3, 0, 1]
[0, 1, 6, 7]
Page moved in: 7
Page evicted: 3
[1, 6, 7, 8]
Page moved in: 8
Page evicted: 0
[6, 7, 8, 9]
Page moved in: 9
Page evicted: 1
[6, 7, 8, 9]
[6, 7, 8, 9]
[6, 7, 8, 9]
[8, 7, 6, 5]
Page moved in: 5
Page evicted: 9
[8, 7, 6, 5]
[8, 7, 6, 5]
[6, 7, 5, 4]
Page moved in: 4
Page evicted: 8
[7, 5, 4, 3]
Page moved in: 3
Page evicted: 6
[7, 5, 4, 3]
[7, 5, 4, 3]
[7, 5, 4, 3]
[4, 3, 5, 6]
Page moved in: 6
Page evicted: 7
[3, 5, 6, 7]
Page moved in: 7
Page evicted: 4
[5, 6, 7, 8]
Page moved in: 8
Page evicted: 3
[6, 7, 8, 9]
Page moved in: 9
Page evicted: 5
[7, 8, 9, 0]
Page moved in: 0
Page evicted: 6
[8, 9, 0, 5]
Page moved in: 5
Page evicted: 7
[8, 9, 0, 5]
[9, 0, 5, 4]
Page moved in: 4
Page evicted: 8
[0, 5, 4, 3]
Page moved in: 3
Page evicted: 9
[0, 5, 4, 3]
[5, 4, 3, 2]
Page moved in: 2
Page evicted: 0
[4, 3, 2, 1]
Page moved in: 1
Page evicted: 5
[4, 3, 2, 1]
[4, 3, 2, 1]
[2, 1, 4, 5]
Page moved in: 5
Page evicted: 3
[2, 1, 4, 5]
[1, 4, 5, 9]
Page moved in: 9
Page evicted: 2
[1, 4, 5, 9]
[4, 5, 9, 0]
Page moved in: 0
Page evicted: 1
[5, 9, 0, 6]
Page moved in: 6
Page evicted: 4
[9, 0, 6, 8]
Page moved in: 8
Page evicted: 5
[0, 6, 8, 7]
Page moved in: 7
Page evicted: 9
[0, 6, 8, 7]
[0, 6, 8, 7]
[6, 7, 8, 3]
Page moved in: 3
Page evicted: 0

LFU Run

-----------------------------------------------

[5]
[5, 2]
[5, 2, 1]
[5, 2, 1]
[5, 2, 1, 6]
[2, 1, 6, 0]
Page moved in: 0
Page evicted: 5
[1, 6, 0, 3]
Page moved in: 3
Page evicted: 2
[1, 0, 3, 2]
Page moved in: 2
Page evicted: 6
[1, 0, 3, 2]
[1, 3, 2, 4]
Page moved in: 4
Page evicted: 0
[1, 3, 2, 4]
[3, 2, 4, 5]
Page moved in: 5
Page evicted: 1
[2, 4, 5, 6]
Page moved in: 6
Page evicted: 3
[2, 4, 5, 6]
[2, 4, 5, 6]
[4, 5, 6, 7]
Page moved in: 7
Page evicted: 2
[4, 5, 6, 7]
[4, 5, 6, 7]
[4, 5, 6, 9]
Page moved in: 9
Page evicted: 7
[4, 5, 6, 0]
Page moved in: 0
Page evicted: 9
[5, 6, 0, 9]
Page moved in: 9
Page evicted: 4
[5, 6, 0, 9]
[5, 6, 0, 9]
[5, 6, 0, 9]
[5, 6, 0, 9]
[6, 0, 9, 4]
Page moved in: 4
Page evicted: 5
[6, 0, 4, 5]
Page moved in: 5
Page evicted: 9
[6, 0, 4, 5]
[6, 0, 4, 5]
[6, 0, 4, 5]
[6, 0, 5, 8]
Page moved in: 8
Page evicted: 4
[6, 0, 5, 9]
Page moved in: 9
Page evicted: 8
[6, 5, 9, 8]
Page moved in: 8
Page evicted: 0
[6, 5, 9, 8]
[6, 5, 9, 8]
[6, 9, 8, 7]
Page moved in: 7
Page evicted: 5
[6, 9, 8, 7]
[6, 9, 8, 5]
Page moved in: 5
Page evicted: 7
[6, 9, 8, 5]
[6, 9, 8, 5]
[6, 8, 5, 7]
Page moved in: 7
Page evicted: 9
[6, 8, 5, 7]
[6, 8, 5, 7]
[6, 8, 5, 7]
[6, 8, 5, 7]
[6, 8, 5, 7]
[6, 8, 5, 7]
[6, 8, 5, 7]
[6, 8, 5, 7]
[6, 5, 7, 3]
Page moved in: 3
Page evicted: 8
[6, 5, 7, 3]
[6, 5, 7, 0]
Page moved in: 0
Page evicted: 3
[6, 5, 7, 1]
Page moved in: 1
Page evicted: 0
[6, 5, 7, 0]
Page moved in: 0
Page evicted: 1
[6, 5, 7, 0]
[6, 5, 7, 0]
[6, 5, 7, 0]
[6, 5, 7, 1]
Page moved in: 1
Page evicted: 0
[6, 5, 7, 0]
Page moved in: 0
Page evicted: 1
[6, 5, 0, 1]
Page moved in: 1
Page evicted: 7
[6, 5, 0, 1]
[6, 5, 0, 7]
Page moved in: 7
Page evicted: 1
[6, 5, 7, 8]
Page moved in: 8
Page evicted: 0
[6, 5, 7, 9]
Page moved in: 9
Page evicted: 8
[6, 5, 7, 8]
Page moved in: 8
Page evicted: 9
[6, 5, 7, 8]
[6, 5, 7, 8]
[6, 5, 7, 8]
[6, 5, 7, 8]
[6, 5, 7, 8]
[6, 5, 7, 4]
Page moved in: 4
Page evicted: 8
[6, 5, 7, 3]
Page moved in: 3
Page evicted: 4
[6, 5, 7, 4]
Page moved in: 4
Page evicted: 3
[6, 5, 7, 3]
Page moved in: 3
Page evicted: 4
[6, 5, 7, 3]
[6, 5, 7, 3]
[6, 5, 7, 3]
[6, 5, 7, 8]
Page moved in: 8
Page evicted: 3
[6, 5, 7, 9]
Page moved in: 9
Page evicted: 8
[6, 5, 7, 0]
Page moved in: 0
Page evicted: 9
[6, 5, 7, 0]
[6, 5, 7, 0]
[6, 5, 7, 4]
Page moved in: 4
Page evicted: 0
[6, 5, 7, 3]
Page moved in: 3
Page evicted: 4
[6, 5, 7, 3]
[6, 5, 7, 2]
Page moved in: 2
Page evicted: 3
[6, 5, 7, 1]
Page moved in: 1
Page evicted: 2
[6, 5, 7, 4]
Page moved in: 4
Page evicted: 1
[6, 5, 7, 4]
[6, 5, 7, 4]
[6, 5, 7, 4]
[6, 5, 7, 9]
Page moved in: 9
Page evicted: 4
[6, 5, 7, 9]
[6, 5, 7, 0]
Page moved in: 0
Page evicted: 9
[6, 5, 7, 0]
[6, 5, 7, 8]
Page moved in: 8
Page evicted: 0
[6, 5, 7, 8]
[6, 5, 7, 8]
[6, 5, 7, 8]
[6, 5, 7, 3]
Page moved in: 3
Page evicted: 8

MFU Run

-----------------------------------------------

[5]
[5, 2]
[5, 2, 1]
[5, 2, 1]
[5, 2, 1, 6]
[5, 2, 6, 0]
Page moved in: 0
Page evicted: 1
[2, 6, 0, 3]
Page moved in: 3
Page evicted: 5
[2, 6, 0, 3]
[2, 6, 0, 3]
[6, 0, 3, 4]
Page moved in: 4
Page evicted: 2
[6, 0, 3, 4]
[6, 0, 4, 5]
Page moved in: 5
Page evicted: 3
[6, 0, 4, 5]
[6, 0, 4, 5]
[6, 0, 4, 5]
[0, 4, 5, 7]
Page moved in: 7
Page evicted: 6
[0, 4, 7, 6]
Page moved in: 6
Page evicted: 5
[0, 4, 7, 6]
[0, 4, 7, 9]
Page moved in: 9
Page evicted: 6
[0, 4, 7, 9]
[0, 4, 7, 9]
[0, 4, 7, 9]
[0, 4, 7, 9]
[0, 4, 7, 9]
[4, 7, 9, 6]
Page moved in: 6
Page evicted: 0
[4, 7, 9, 6]
[4, 7, 9, 5]
Page moved in: 5
Page evicted: 6
[4, 7, 9, 6]
Page moved in: 6
Page evicted: 5
[4, 7, 9, 6]
[4, 7, 9, 6]
[4, 7, 9, 8]
Page moved in: 8
Page evicted: 6
[4, 7, 9, 8]
[4, 7, 9, 8]
[4, 7, 9, 8]
[4, 7, 9, 8]
[4, 7, 9, 8]
[4, 7, 8, 6]
Page moved in: 6
Page evicted: 9
[4, 7, 8, 5]
Page moved in: 5
Page evicted: 6
[4, 7, 8, 5]
[4, 7, 8, 6]
Page moved in: 6
Page evicted: 5
[4, 7, 8, 6]
[4, 7, 8, 6]
[4, 7, 8, 6]
[4, 7, 8, 6]
[4, 7, 8, 6]
[4, 7, 8, 6]
[4, 7, 8, 5]
Page moved in: 5
Page evicted: 6
[4, 7, 8, 5]
[4, 7, 8, 6]
Page moved in: 6
Page evicted: 5
[4, 7, 8, 3]
Page moved in: 3
Page evicted: 6
[4, 7, 8, 3]
[4, 8, 3, 0]
Page moved in: 0
Page evicted: 7
[4, 8, 3, 1]
Page moved in: 1
Page evicted: 0
[4, 3, 1, 0]
Page moved in: 0
Page evicted: 8
[4, 3, 1, 6]
Page moved in: 6
Page evicted: 0
[4, 3, 1, 6]
[4, 3, 1, 6]
[4, 3, 1, 6]
[4, 3, 1, 0]
Page moved in: 0
Page evicted: 6
[4, 3, 1, 0]
[4, 3, 1, 6]
Page moved in: 6
Page evicted: 0
[4, 3, 1, 7]
Page moved in: 7
Page evicted: 6
[4, 3, 1, 8]
Page moved in: 8
Page evicted: 7
[4, 3, 8, 9]
Page moved in: 9
Page evicted: 1
[4, 3, 8, 9]
[4, 3, 9, 7]
Page moved in: 7
Page evicted: 8
[4, 3, 9, 6]
Page moved in: 6
Page evicted: 7
[4, 3, 9, 5]
Page moved in: 5
Page evicted: 6
[4, 3, 9, 7]
Page moved in: 7
Page evicted: 5
[4, 3, 9, 5]
Page moved in: 5
Page evicted: 7
[4, 3, 9, 5]
[4, 3, 9, 5]
[4, 3, 9, 5]
[4, 3, 9, 5]
[4, 3, 9, 5]
[4, 3, 9, 6]
Page moved in: 6
Page evicted: 5
[4, 3, 9, 7]
Page moved in: 7
Page evicted: 6
[4, 3, 9, 8]
Page moved in: 8
Page evicted: 7
[4, 3, 9, 8]
[4, 3, 9, 0]
Page moved in: 0
Page evicted: 8
[4, 3, 9, 5]
Page moved in: 5
Page evicted: 0
[4, 3, 9, 5]
[4, 3, 9, 5]
[4, 3, 9, 5]
[4, 3, 9, 5]
[4, 3, 9, 2]
Page moved in: 2
Page evicted: 5
[4, 9, 2, 1]
Page moved in: 1
Page evicted: 3
[4, 9, 2, 1]
[4, 9, 2, 1]
[9, 2, 1, 5]
Page moved in: 5
Page evicted: 4
[9, 2, 1, 5]
[9, 2, 1, 5]
[9, 2, 1, 5]
[9, 2, 1, 0]
Page moved in: 0
Page evicted: 5
[9, 2, 1, 6]
Page moved in: 6
Page evicted: 0
[9, 2, 1, 8]
Page moved in: 8
Page evicted: 6
[2, 1, 8, 7]
Page moved in: 7
Page evicted: 9
[2, 1, 8, 7]
[2, 1, 8, 7]
[2, 1, 8, 3]
Page moved in: 3
Page evicted: 7

Random Run

-----------------------------------------------

[5]
[5, 2]
[5, 2, 1]
[5, 2, 1]
[5, 2, 1, 6]
[5, 2, 1, 0]
Page moved in: 0
Page evicted: 6
[5, 2, 0, 3]
Page moved in: 3
Page evicted: 1
[5, 2, 0, 3]
[5, 2, 0, 3]
[5, 2, 0, 4]
Page moved in: 4
Page evicted: 3
[5, 2, 0, 4]
[5, 2, 0, 4]
[5, 2, 4, 6]
Page moved in: 6
Page evicted: 0
[5, 2, 4, 6]
[5, 2, 4, 6]
[5, 4, 6, 7]
Page moved in: 7
Page evicted: 2
[5, 4, 6, 7]
[5, 4, 6, 7]
[4, 6, 7, 9]
Page moved in: 9
Page evicted: 5
[4, 7, 9, 0]
Page moved in: 0
Page evicted: 6
[4, 7, 9, 0]
[4, 7, 9, 0]
[4, 7, 9, 0]
[4, 7, 9, 0]
[4, 7, 9, 6]
Page moved in: 6
Page evicted: 0
[4, 7, 9, 6]
[7, 9, 6, 5]
Page moved in: 5
Page evicted: 4
[7, 9, 6, 5]
[7, 9, 6, 5]
[7, 9, 6, 5]
[7, 6, 5, 8]
Page moved in: 8
Page evicted: 9
[7, 6, 8, 9]
Page moved in: 9
Page evicted: 5
[7, 6, 8, 9]
[7, 6, 8, 9]
[7, 6, 8, 9]
[7, 6, 8, 9]
[7, 6, 8, 9]
[7, 6, 8, 5]
Page moved in: 5
Page evicted: 9
[7, 6, 8, 5]
[7, 6, 8, 5]
[7, 6, 8, 5]
[7, 6, 8, 5]
[7, 6, 8, 5]
[7, 6, 8, 5]
[7, 6, 8, 5]
[7, 6, 8, 5]
[7, 6, 8, 5]
[7, 6, 8, 5]
[7, 6, 8, 5]
[6, 8, 5, 3]
Page moved in: 3
Page evicted: 7
[6, 8, 5, 3]
[8, 5, 3, 0]
Page moved in: 0
Page evicted: 6
[8, 5, 3, 1]
Page moved in: 1
Page evicted: 0
[8, 5, 1, 0]
Page moved in: 0
Page evicted: 3
[8, 5, 1, 6]
Page moved in: 6
Page evicted: 0
[8, 5, 1, 6]
[8, 5, 1, 6]
[8, 5, 1, 6]
[8, 5, 1, 0]
Page moved in: 0
Page evicted: 6
[8, 5, 1, 0]
[5, 1, 0, 6]
Page moved in: 6
Page evicted: 8
[5, 1, 0, 7]
Page moved in: 7
Page evicted: 6
[1, 0, 7, 8]
Page moved in: 8
Page evicted: 5
[1, 0, 7, 9]
Page moved in: 9
Page evicted: 8
[1, 0, 7, 8]
Page moved in: 8
Page evicted: 9
[1, 0, 7, 8]
[0, 7, 8, 6]
Page moved in: 6
Page evicted: 1
[0, 7, 8, 5]
Page moved in: 5
Page evicted: 6
[0, 7, 8, 5]
[0, 7, 8, 5]
[0, 7, 5, 4]
Page moved in: 4
Page evicted: 8
[0, 7, 5, 3]
Page moved in: 3
Page evicted: 4
[0, 7, 5, 4]
Page moved in: 4
Page evicted: 3
[7, 5, 4, 3]
Page moved in: 3
Page evicted: 0
[7, 5, 4, 3]
[7, 5, 3, 6]
Page moved in: 6
Page evicted: 4
[7, 5, 3, 6]
[5, 3, 6, 8]
Page moved in: 8
Page evicted: 7
[3, 6, 8, 9]
Page moved in: 9
Page evicted: 5
[3, 6, 9, 0]
Page moved in: 0
Page evicted: 8
[3, 9, 0, 5]
Page moved in: 5
Page evicted: 6
[3, 9, 0, 5]
[3, 9, 5, 4]
Page moved in: 4
Page evicted: 0
[3, 9, 5, 4]
[3, 9, 5, 4]
[3, 9, 4, 2]
Page moved in: 2
Page evicted: 5
[3, 9, 4, 1]
Page moved in: 1
Page evicted: 2
[3, 9, 4, 1]
[3, 9, 4, 1]
[9, 4, 1, 5]
Page moved in: 5
Page evicted: 3
[9, 4, 1, 5]
[9, 4, 1, 5]
[9, 4, 1, 5]
[9, 4, 1, 0]
Page moved in: 0
Page evicted: 5
[4, 1, 0, 6]
Page moved in: 6
Page evicted: 9
[4, 1, 0, 8]
Page moved in: 8
Page evicted: 6
[4, 1, 8, 7]
Page moved in: 7
Page evicted: 0
[4, 1, 8, 7]
[4, 1, 8, 7]
[4, 1, 8, 3]
Page moved in: 3
Page evicted: 7
Run 5
-----------------------------------------------

FIFO Run

-----------------------------------------------

[3]
[3, 4]
[3, 4, 9]
[3, 4, 9, 1]
[4, 9, 1, 0]
Page moved in: 0
Page evicted: 3
[4, 9, 1, 0]
[4, 9, 1, 0]
[4, 9, 1, 0]
[4, 9, 1, 0]
[4, 9, 1, 0]
[4, 9, 1, 0]
[9, 1, 0, 2]
Page moved in: 2
Page evicted: 4
[9, 1, 0, 2]
[9, 1, 0, 2]
[9, 1, 0, 2]
[9, 1, 0, 2]
[9, 1, 0, 2]
[1, 0, 2, 5]
Page moved in: 5
Page evicted: 9
[0, 2, 5, 8]
Page moved in: 8
Page evicted: 1
[2, 5, 8, 4]
Page moved in: 4
Page evicted: 0
[5, 8, 4, 7]
Page moved in: 7
Page evicted: 2
[5, 8, 4, 7]
[8, 4, 7, 9]
Page moved in: 9
Page evicted: 5
[4, 7, 9, 5]
Page moved in: 5
Page evicted: 8
[7, 9, 5, 8]
Page moved in: 8
Page evicted: 4
[7, 9, 5, 8]
[7, 9, 5, 8]
[7, 9, 5, 8]
[7, 9, 5, 8]
[9, 5, 8, 1]
Page moved in: 1
Page evicted: 7
[9, 5, 8, 1]
[9, 5, 8, 1]
[5, 8, 1, 7]
Page moved in: 7
Page evicted: 9
[5, 8, 1, 7]
[5, 8, 1, 7]
[5, 8, 1, 7]
[5, 8, 1, 7]
[8, 1, 7, 3]
Page moved in: 3
Page evicted: 5
[1, 7, 3, 6]
Page moved in: 6
Page evicted: 8
[7, 3, 6, 8]
Page moved in: 8
Page evicted: 1
[7, 3, 6, 8]
[3, 6, 8, 9]
Page moved in: 9
Page evicted: 7
[3, 6, 8, 9]
[3, 6, 8, 9]
[3, 6, 8, 9]
[6, 8, 9, 0]
Page moved in: 0
Page evicted: 3
[6, 8, 9, 0]
[6, 8, 9, 0]
[6, 8, 9, 0]
[6, 8, 9, 0]
[8, 9, 0, 2]
Page moved in: 2
Page evicted: 6
[8, 9, 0, 2]
[9, 0, 2, 3]
Page moved in: 3
Page evicted: 8
[9, 0, 2, 3]
[9, 0, 2, 3]
[9, 0, 2, 3]
[9, 0, 2, 3]
[9, 0, 2, 3]
[0, 2, 3, 7]
Page moved in: 7
Page evicted: 9
[2, 3, 7, 8]
Page moved in: 8
Page evicted: 0
[3, 7, 8, 5]
Page moved in: 5
Page evicted: 2
[7, 8, 5, 6]
Page moved in: 6
Page evicted: 3
[7, 8, 5, 6]
[8, 5, 6, 0]
Page moved in: 0
Page evicted: 7
[5, 6, 0, 9]
Page moved in: 9
Page evicted: 8
[6, 0, 9, 4]
Page moved in: 4
Page evicted: 5
[6, 0, 9, 4]
[0, 9, 4, 7]
Page moved in: 7
Page evicted: 6
[0, 9, 4, 7]
[0, 9, 4, 7]
[9, 4, 7, 3]
Page moved in: 3
Page evicted: 0
[4, 7, 3, 2]
Page moved in: 2
Page evicted: 9
[4, 7, 3, 2]
[4, 7, 3, 2]
[4, 7, 3, 2]
[4, 7, 3, 2]
[7, 3, 2, 1]
Page moved in: 1
Page evicted: 4
[7, 3, 2, 1]
[7, 3, 2, 1]
[3, 2, 1, 0]
Page moved in: 0
Page evicted: 7
[3, 2, 1, 0]
[3, 2, 1, 0]
[3, 2, 1, 0]
[2, 1, 0, 9]
Page moved in: 9
Page evicted: 3
[1, 0, 9, 4]
Page moved in: 4
Page evicted: 2
[1, 0, 9, 4]
[1, 0, 9, 4]
[0, 9, 4, 3]
Page moved in: 3
Page evicted: 1
[0, 9, 4, 3]
[0, 9, 4, 3]
[0, 9, 4, 3]
[0, 9, 4, 3]
[9, 4, 3, 8]
Page moved in: 8
Page evicted: 0
[4, 3, 8, 7]
Page moved in: 7
Page evicted: 9
[3, 8, 7, 5]
Page moved in: 5
Page evicted: 4
[8, 7, 5, 1]
Page moved in: 1
Page evicted: 3
[7, 5, 1, 4]
Page moved in: 4
Page evicted: 8
[5, 1, 4, 2]
Page moved in: 2
Page evicted: 7
[5, 1, 4, 2]
[1, 4, 2, 7]
Page moved in: 7
Page evicted: 5

LRU Run

-----------------------------------------------

[3]
[3, 4]
[3, 4, 9]
[3, 4, 9, 1]
[4, 9, 1, 0]
Page moved in: 0
Page evicted: 3
[4, 9, 1, 0]
[4, 9, 1, 0]
[4, 9, 1, 0]
[4, 9, 1, 0]
[4, 9, 1, 0]
[4, 9, 1, 0]
[0, 9, 1, 2]
Page moved in: 2
Page evicted: 4
[0, 9, 1, 2]
[0, 9, 1, 2]
[0, 9, 1, 2]
[0, 9, 1, 2]
[0, 9, 1, 2]
[9, 1, 2, 5]
Page moved in: 5
Page evicted: 0
[1, 2, 5, 8]
Page moved in: 8
Page evicted: 9
[2, 5, 8, 4]
Page moved in: 4
Page evicted: 1
[5, 8, 4, 7]
Page moved in: 7
Page evicted: 2
[5, 8, 4, 7]
[4, 7, 8, 9]
Page moved in: 9
Page evicted: 5
[7, 8, 9, 5]
Page moved in: 5
Page evicted: 4
[7, 8, 9, 5]
[7, 8, 9, 5]
[7, 8, 9, 5]
[7, 8, 9, 5]
[7, 8, 9, 5]
[9, 8, 5, 1]
Page moved in: 1
Page evicted: 7
[9, 8, 5, 1]
[9, 8, 5, 1]
[5, 1, 8, 7]
Page moved in: 7
Page evicted: 9
[5, 1, 8, 7]
[5, 1, 8, 7]
[5, 1, 8, 7]
[5, 1, 8, 7]
[1, 7, 8, 3]
Page moved in: 3
Page evicted: 5
[7, 8, 3, 6]
Page moved in: 6
Page evicted: 1
[7, 8, 3, 6]
[7, 8, 3, 6]
[3, 6, 8, 9]
Page moved in: 9
Page evicted: 7
[3, 6, 8, 9]
[3, 6, 8, 9]
[3, 6, 8, 9]
[6, 8, 9, 0]
Page moved in: 0
Page evicted: 3
[6, 8, 9, 0]
[6, 8, 9, 0]
[6, 8, 9, 0]
[6, 8, 9, 0]
[8, 0, 9, 2]
Page moved in: 2
Page evicted: 6
[8, 0, 9, 2]
[0, 9, 2, 3]
Page moved in: 3
Page evicted: 8
[0, 9, 2, 3]
[0, 9, 2, 3]
[0, 9, 2, 3]
[0, 9, 2, 3]
[0, 9, 2, 3]
[9, 2, 3, 7]
Page moved in: 7
Page evicted: 0
[2, 3, 7, 8]
Page moved in: 8
Page evicted: 9
[3, 7, 8, 5]
Page moved in: 5
Page evicted: 2
[7, 8, 5, 6]
Page moved in: 6
Page evicted: 3
[7, 8, 5, 6]
[8, 6, 5, 0]
Page moved in: 0
Page evicted: 7
[6, 5, 0, 9]
Page moved in: 9
Page evicted: 8
[5, 0, 9, 4]
Page moved in: 4
Page evicted: 6
[5, 0, 9, 4]
[0, 9, 4, 7]
Page moved in: 7
Page evicted: 5
[0, 9, 4, 7]
[0, 9, 4, 7]
[9, 7, 4, 3]
Page moved in: 3
Page evicted: 0
[7, 4, 3, 2]
Page moved in: 2
Page evicted: 9
[7, 4, 3, 2]
[7, 4, 3, 2]
[7, 4, 3, 2]
[7, 4, 3, 2]
[4, 3, 2, 1]
Page moved in: 1
Page evicted: 7
[4, 3, 2, 1]
[4, 3, 2, 1]
[1, 3, 2, 0]
Page moved in: 0
Page evicted: 4
[1, 3, 2, 0]
[1, 3, 2, 0]
[1, 3, 2, 0]
[0, 1, 3, 9]
Page moved in: 9
Page evicted: 2
[1, 3, 9, 4]
Page moved in: 4
Page evicted: 0
[1, 3, 9, 4]
[1, 3, 9, 4]
[1, 3, 9, 4]
[1, 3, 9, 4]
[1, 3, 4, 0]
Page moved in: 0
Page evicted: 9
[1, 3, 4, 0]
[3, 4, 0, 9]
Page moved in: 9
Page evicted: 1
[4, 0, 9, 8]
Page moved in: 8
Page evicted: 3
[0, 9, 8, 7]
Page moved in: 7
Page evicted: 4
[9, 8, 7, 5]
Page moved in: 5
Page evicted: 0
[8, 7, 5, 1]
Page moved in: 1
Page evicted: 9
[7, 5, 1, 4]
Page moved in: 4
Page evicted: 8
[5, 1, 4, 2]
Page moved in: 2
Page evicted: 7
[5, 1, 4, 2]
[4, 2, 1, 7]
Page moved in: 7
Page evicted: 5

LFU Run

-----------------------------------------------

[3]
[3, 4]
[3, 4, 9]
[3, 4, 9, 1]
[4, 9, 1, 0]
Page moved in: 0
Page evicted: 3
[4, 9, 1, 0]
[4, 9, 1, 0]
[4, 9, 1, 0]
[4, 9, 1, 0]
[4, 9, 1, 0]
[4, 9, 1, 0]
[9, 1, 0, 2]
Page moved in: 2
Page evicted: 4
[9, 1, 0, 2]
[9, 1, 0, 2]
[9, 1, 0, 2]
[9, 1, 0, 2]
[9, 1, 0, 2]
[1, 0, 2, 5]
Page moved in: 5
Page evicted: 9
[1, 0, 2, 8]
Page moved in: 8
Page evicted: 5
[1, 0, 2, 4]
Page moved in: 4
Page evicted: 8
[1, 0, 2, 7]
Page moved in: 7
Page evicted: 4
[1, 0, 2, 8]
Page moved in: 8
Page evicted: 7
[1, 0, 2, 9]
Page moved in: 9
Page evicted: 8
[1, 2, 9, 5]
Page moved in: 5
Page evicted: 0
[1, 2, 9, 8]
Page moved in: 8
Page evicted: 5
[1, 2, 9, 8]
[1, 2, 9, 8]
[1, 2, 8, 5]
Page moved in: 5
Page evicted: 9
[1, 2, 8, 5]
[1, 2, 8, 5]
[1, 2, 8, 5]
[1, 2, 8, 5]
[1, 2, 8, 7]
Page moved in: 7
Page evicted: 5
[1, 2, 8, 7]
[1, 2, 8, 7]
[1, 2, 8, 7]
[1, 2, 8, 7]
[1, 2, 8, 3]
Page moved in: 3
Page evicted: 7
[1, 2, 8, 6]
Page moved in: 6
Page evicted: 3
[1, 2, 8, 6]
[1, 2, 8, 6]
[1, 2, 8, 9]
Page moved in: 9
Page evicted: 6
[1, 2, 8, 9]
[1, 2, 8, 9]
[1, 2, 8, 9]
[1, 8, 9, 0]
Page moved in: 0
Page evicted: 2
[1, 8, 9, 0]
[1, 8, 9, 0]
[1, 8, 9, 0]
[1, 8, 9, 0]
[1, 8, 9, 2]
Page moved in: 2
Page evicted: 0
[1, 8, 9, 2]
[8, 9, 2, 3]
Page moved in: 3
Page evicted: 1
[8, 9, 2, 3]
[8, 9, 2, 3]
[8, 9, 2, 3]
[8, 9, 2, 3]
[8, 9, 2, 3]
[8, 9, 2, 7]
Page moved in: 7
Page evicted: 3
[8, 9, 2, 7]
[8, 9, 2, 5]
Page moved in: 5
Page evicted: 7
[8, 9, 2, 6]
Page moved in: 6
Page evicted: 5
[8, 9, 2, 5]
Page moved in: 5
Page evicted: 6
[8, 9, 2, 0]
Page moved in: 0
Page evicted: 5
[8, 9, 2, 0]
[8, 9, 2, 4]
Page moved in: 4
Page evicted: 0
[8, 9, 2, 4]
[8, 9, 2, 7]
Page moved in: 7
Page evicted: 4
[8, 9, 2, 7]
[8, 9, 2, 4]
Page moved in: 4
Page evicted: 7
[8, 9, 2, 3]
Page moved in: 3
Page evicted: 4
[8, 9, 2, 3]
[8, 9, 2, 3]
[8, 9, 2, 3]
[8, 9, 2, 3]
[8, 9, 2, 3]
[8, 9, 2, 1]
Page moved in: 1
Page evicted: 3
[8, 9, 2, 3]
Page moved in: 3
Page evicted: 1
[8, 9, 2, 3]
[8, 9, 2, 0]
Page moved in: 0
Page evicted: 3
[8, 9, 2, 1]
Page moved in: 1
Page evicted: 0
[8, 9, 2, 1]
[8, 9, 2, 3]
Page moved in: 3
Page evicted: 1
[8, 9, 2, 3]
[8, 9, 2, 4]
Page moved in: 4
Page evicted: 3
[8, 9, 2, 1]
Page moved in: 1
Page evicted: 4
[8, 9, 2, 4]
Page moved in: 4
Page evicted: 1
[8, 9, 2, 3]
Page moved in: 3
Page evicted: 4
[9, 2, 3, 4]
Page moved in: 4
Page evicted: 8
[9, 2, 3, 0]
Page moved in: 0
Page evicted: 4
[9, 2, 3, 0]
[9, 2, 3, 0]
[9, 2, 3, 8]
Page moved in: 8
Page evicted: 0
[9, 2, 8, 7]
Page moved in: 7
Page evicted: 3
[9, 2, 8, 5]
Page moved in: 5
Page evicted: 7
[9, 2, 8, 1]
Page moved in: 1
Page evicted: 5
[9, 2, 8, 4]
Page moved in: 4
Page evicted: 1
[9, 2, 8, 4]
[9, 2, 8, 1]
Page moved in: 1
Page evicted: 4
[2, 8, 1, 7]
Page moved in: 7
Page evicted: 9

MFU Run

-----------------------------------------------

[3]
[3, 4]
[3, 4, 9]
[3, 4, 9, 1]
[4, 9, 1, 0]
Page moved in: 0
Page evicted: 3
[4, 9, 1, 0]
[4, 9, 1, 0]
[4, 9, 1, 0]
[4, 9, 1, 0]
[4, 9, 1, 0]
[4, 9, 1, 0]
[4, 9, 0, 2]
Page moved in: 2
Page evicted: 1
[4, 9, 2, 1]
Page moved in: 1
Page evicted: 0
[4, 9, 2, 1]
[4, 9, 2, 1]
[4, 9, 2, 1]
[4, 9, 2, 1]
[4, 9, 1, 5]
Page moved in: 5
Page evicted: 2
[4, 9, 5, 8]
Page moved in: 8
Page evicted: 1
[4, 9, 5, 8]
[9, 5, 8, 7]
Page moved in: 7
Page evicted: 4
[9, 5, 8, 7]
[9, 5, 8, 7]
[9, 5, 8, 7]
[9, 5, 8, 7]
[9, 5, 8, 7]
[9, 5, 8, 7]
[9, 5, 8, 7]
[9, 5, 8, 7]
[9, 5, 7, 1]
Page moved in: 1
Page evicted: 8
[9, 5, 7, 1]
[9, 5, 7, 8]
Page moved in: 8
Page evicted: 1
[9, 5, 7, 8]
[9, 5, 7, 8]
[9, 5, 7, 8]
[9, 5, 7, 8]
[9, 5, 7, 8]
[9, 5, 7, 3]
Page moved in: 3
Page evicted: 8
[9, 7, 3, 6]
Page moved in: 6
Page evicted: 5
[9, 3, 6, 8]
Page moved in: 8
Page evicted: 7
[9, 3, 6, 8]
[9, 3, 6, 8]
[9, 3, 6, 8]
[9, 3, 6, 8]
[9, 3, 6, 8]
[9, 3, 6, 0]
Page moved in: 0
Page evicted: 8
[9, 3, 6, 0]
[9, 3, 6, 0]
[9, 3, 6, 0]
[9, 3, 6, 0]
[3, 6, 0, 2]
Page moved in: 2
Page evicted: 9
[3, 6, 0, 2]
[3, 6, 0, 2]
[3, 6, 0, 2]
[3, 6, 0, 2]
[3, 6, 0, 2]
[3, 6, 0, 2]
[3, 6, 0, 2]
[3, 6, 0, 7]
Page moved in: 7
Page evicted: 2
[6, 0, 7, 8]
Page moved in: 8
Page evicted: 3
[6, 0, 7, 5]
Page moved in: 5
Page evicted: 8
[6, 0, 7, 5]
[6, 0, 7, 5]
[6, 0, 7, 5]
[6, 0, 7, 9]
Page moved in: 9
Page evicted: 5
[6, 0, 7, 4]
Page moved in: 4
Page evicted: 9
[6, 0, 7, 4]
[6, 0, 7, 4]
[6, 0, 7, 4]
[6, 0, 7, 4]
[6, 0, 4, 3]
Page moved in: 3
Page evicted: 7
[6, 0, 4, 2]
Page moved in: 2
Page evicted: 3
[6, 0, 4, 3]
Page moved in: 3
Page evicted: 2
[6, 0, 4, 3]
[6, 0, 4, 3]
[6, 0, 4, 2]
Page moved in: 2
Page evicted: 3
[6, 0, 4, 1]
Page moved in: 1
Page evicted: 2
[6, 0, 4, 3]
Page moved in: 3
Page evicted: 1
[6, 0, 4, 2]
Page moved in: 2
Page evicted: 3
[6, 0, 4, 2]
[6, 0, 4, 1]
Page moved in: 1
Page evicted: 2
[6, 0, 4, 1]
[6, 0, 4, 3]
Page moved in: 3
Page evicted: 1
[6, 0, 4, 9]
Page moved in: 9
Page evicted: 3
[6, 0, 4, 9]
[6, 0, 4, 1]
Page moved in: 1
Page evicted: 9
[6, 0, 4, 1]
[6, 0, 4, 3]
Page moved in: 3
Page evicted: 1
[6, 0, 4, 3]
[6, 0, 4, 3]
[6, 0, 4, 3]
[6, 0, 4, 9]
Page moved in: 9
Page evicted: 3
[6, 0, 4, 8]
Page moved in: 8
Page evicted: 9
[6, 0, 4, 7]
Page moved in: 7
Page evicted: 8
[6, 4, 7, 5]
Page moved in: 5
Page evicted: 0
[6, 7, 5, 1]
Page moved in: 1
Page evicted: 4
[6, 7, 5, 4]
Page moved in: 4
Page evicted: 1
[6, 7, 5, 2]
Page moved in: 2
Page evicted: 4
[6, 7, 5, 1]
Page moved in: 1
Page evicted: 2
[6, 7, 5, 1]

Random Run

-----------------------------------------------

[3]
[3, 4]
[3, 4, 9]
[3, 4, 9, 1]
[3, 4, 1, 0]
Page moved in: 0
Page evicted: 9
[3, 4, 1, 0]
[3, 4, 1, 0]
[3, 4, 1, 0]
[3, 4, 1, 0]
[3, 4, 1, 9]
Page moved in: 9
Page evicted: 0
[3, 4, 1, 9]
[3, 4, 9, 2]
Page moved in: 2
Page evicted: 1
[4, 9, 2, 1]
Page moved in: 1
Page evicted: 3
[4, 9, 2, 1]
[4, 9, 2, 1]
[4, 9, 2, 1]
[4, 9, 2, 1]
[4, 9, 1, 5]
Page moved in: 5
Page evicted: 2
[9, 1, 5, 8]
Page moved in: 8
Page evicted: 4
[9, 1, 8, 4]
Page moved in: 4
Page evicted: 5
[9, 1, 4, 7]
Page moved in: 7
Page evicted: 8
[9, 1, 7, 8]
Page moved in: 8
Page evicted: 4
[9, 1, 7, 8]
[9, 1, 7, 5]
Page moved in: 5
Page evicted: 8
[1, 7, 5, 8]
Page moved in: 8
Page evicted: 9
[1, 7, 5, 8]
[1, 7, 5, 8]
[1, 7, 5, 8]
[1, 7, 5, 8]
[1, 7, 5, 8]
[1, 7, 5, 8]
[1, 7, 5, 8]
[1, 7, 5, 8]
[1, 7, 5, 8]
[1, 7, 5, 8]
[1, 7, 5, 8]
[1, 7, 5, 8]
[1, 7, 5, 3]
Page moved in: 3
Page evicted: 8
[7, 5, 3, 6]
Page moved in: 6
Page evicted: 1
[7, 5, 6, 8]
Page moved in: 8
Page evicted: 3
[7, 5, 6, 8]
[7, 6, 8, 9]
Page moved in: 9
Page evicted: 5
[7, 6, 8, 9]
[7, 6, 8, 9]
[7, 6, 8, 9]
[7, 6, 9, 0]
Page moved in: 0
Page evicted: 8
[7, 6, 9, 0]
[7, 6, 9, 0]
[7, 6, 9, 0]
[7, 6, 9, 0]
[7, 6, 9, 2]
Page moved in: 2
Page evicted: 0
[7, 6, 9, 2]
[6, 9, 2, 3]
Page moved in: 3
Page evicted: 7
[6, 9, 2, 3]
[6, 9, 2, 3]
[6, 9, 2, 3]
[6, 9, 2, 3]
[6, 9, 2, 3]
[6, 2, 3, 7]
Page moved in: 7
Page evicted: 9
[6, 2, 7, 8]
Page moved in: 8
Page evicted: 3
[6, 7, 8, 5]
Page moved in: 5
Page evicted: 2
[6, 7, 8, 5]
[6, 7, 8, 5]
[7, 8, 5, 0]
Page moved in: 0
Page evicted: 6
[7, 8, 0, 9]
Page moved in: 9
Page evicted: 5
[7, 8, 0, 4]
Page moved in: 4
Page evicted: 9
[7, 8, 0, 4]
[7, 8, 0, 4]
[7, 8, 0, 4]
[7, 8, 0, 4]
[8, 0, 4, 3]
Page moved in: 3
Page evicted: 7
[0, 4, 3, 2]
Page moved in: 2
Page evicted: 8
[0, 4, 3, 2]
[0, 4, 3, 2]
[0, 4, 3, 2]
[0, 4, 3, 2]
[4, 3, 2, 1]
Page moved in: 1
Page evicted: 0
[4, 3, 2, 1]
[4, 3, 2, 1]
[4, 3, 2, 0]
Page moved in: 0
Page evicted: 1
[3, 2, 0, 1]
Page moved in: 1
Page evicted: 4
[3, 2, 0, 1]
[3, 2, 0, 1]
[3, 0, 1, 9]
Page moved in: 9
Page evicted: 2
[3, 0, 1, 4]
Page moved in: 4
Page evicted: 9
[3, 0, 1, 4]
[3, 0, 1, 4]
[3, 0, 1, 4]
[3, 0, 1, 4]
[3, 0, 1, 4]
[3, 0, 1, 4]
[3, 0, 1, 9]
Page moved in: 9
Page evicted: 4
[0, 1, 9, 8]
Page moved in: 8
Page evicted: 3
[0, 1, 9, 7]
Page moved in: 7
Page evicted: 8
[0, 1, 9, 5]
Page moved in: 5
Page evicted: 7
[0, 1, 9, 5]
[0, 9, 5, 4]
Page moved in: 4
Page evicted: 1
[9, 5, 4, 2]
Page moved in: 2
Page evicted: 0
[5, 4, 2, 1]
Page moved in: 1
Page evicted: 9
[4, 2, 1, 7]
Page moved in: 7
Page evicted: 5


FIFO hit ratio 282/500
LRU  hit ratio 290/500
LFU  hit ratio 270/500
MFU  hit ratio 274/500
Rand hit ratio 285/500
